============================================================
   Tang Dynasty, V5.6.71036
      Copyright (c) 2012-2023 Anlogic Inc.
   Executable = E:/SoftWare/FPGA/Anlogic/bin/td.exe
   Built at =   20:34:38 Mar 21 2023
   Run by =     Maxwiny
   Run Date =   Fri May 19 04:17:35 2023

   Run on =     MAXWINY-FA506QR
============================================================
RUN-1002 : start command "open_project SD_SDRAM_VGA.prj"
RUN-1001 : Print Global Property
RUN-1001 : ---------------------------------------------------------------
RUN-1001 :        Parameters        |  Settings  |  Default Values  |  Note  
RUN-1001 : ---------------------------------------------------------------
RUN-1001 :          message         |  standard  |     standard     |        
RUN-1001 :   mixed_pack_place_flow  |     on     |        on        |        
RUN-1001 :        qor_monitor       |    off     |       off        |        
RUN-1001 :        syn_ip_flow       |    off     |       off        |        
RUN-1001 :          thread          |    auto    |       auto       |        
RUN-1001 : ---------------------------------------------------------------
RUN-1001 : Print Design Property
RUN-1001 : --------------------------------------------------------------
RUN-1001 :        Parameters       |  Settings  |  Default Values  |  Note  
RUN-1001 : --------------------------------------------------------------
RUN-1001 :   default_reg_initial   |    auto    |       auto       |        
RUN-1001 :        infer_add        |     on     |        on        |        
RUN-1001 :        infer_fsm        |    off     |       off        |        
RUN-1001 :        infer_mult       |     on     |        on        |        
RUN-1001 :        infer_ram        |     on     |        on        |        
RUN-1001 :        infer_reg        |     on     |        on        |        
RUN-1001 :   infer_reg_init_value  |     on     |        on        |        
RUN-1001 :        infer_rom        |     on     |        on        |        
RUN-1001 :      infer_shifter      |     on     |        on        |        
RUN-1001 : --------------------------------------------------------------
RUN-1001 : Print Rtl Property
RUN-1001 : --------------------------------------------------------------
RUN-1001 :        Parameters       |  Settings  |  Default Values  |  Note  
RUN-1001 : --------------------------------------------------------------
RUN-1001 :       compress_add      |   ripple   |      ripple      |        
RUN-1001 :        elf_sload        |    off     |       off        |        
RUN-1001 :       fix_undriven      |     0      |        0         |        
RUN-1001 :         flatten         |    off     |       off        |        
RUN-1001 :       gate_sharing      |     on     |        on        |        
RUN-1001 :    hdl_warning_level    |   normal   |      normal      |        
RUN-1001 :   impl_internal_tribuf  |     on     |        on        |        
RUN-1001 :      impl_set_reset     |     on     |        on        |        
RUN-1001 :        infer_gsr        |    off     |       off        |        
RUN-1001 :      keep_hierarchy     |    auto    |       auto       |        
RUN-1001 :        max_fanout       |    9999    |       9999       |        
RUN-1001 :      max_oh2bin_len     |     10     |        10        |        
RUN-1001 :       merge_equal       |     on     |        on        |        
RUN-1001 :       merge_equiv       |     on     |        on        |        
RUN-1001 :        merge_mux        |    off     |       off        |        
RUN-1001 :     min_control_set     |     8      |        8         |        
RUN-1001 :      min_ripple_len     |    auto    |       auto       |        
RUN-1001 :       oh2bin_ratio      |    0.08    |       0.08       |        
RUN-1001 :     opt_adder_fanout    |     on     |        on        |        
RUN-1001 :        opt_arith        |     on     |        on        |        
RUN-1001 :       opt_big_gate      |    off     |       off        |        
RUN-1001 :        opt_const        |     on     |        on        |        
RUN-1001 :      opt_const_mult     |     on     |        on        |        
RUN-1001 :       opt_lessthan      |     on     |        on        |        
RUN-1001 :         opt_mux         |    off     |       off        |        
RUN-1001 :         opt_ram         |    high    |       high       |        
RUN-1001 :      rtl_sim_model      |    off     |       off        |        
RUN-1001 :         seq_syn         |     on     |        on        |        
RUN-1001 : --------------------------------------------------------------
HDL-1007 : analyze verilog file ../../al_ip/pll_clk.v
HDL-1007 : undeclared symbol 'open', assumed default net type 'wire' in ../../al_ip/pll_clk.v(85)
HDL-1007 : analyze verilog file ../../rtl/hdmi_colorbar.v
HDL-1007 : undeclared symbol 'clk_50m', assumed default net type 'wire' in ../../rtl/hdmi_colorbar.v(56)
HDL-1007 : undeclared symbol 'clk_50m_shift', assumed default net type 'wire' in ../../rtl/hdmi_colorbar.v(57)
HDL-1007 : analyze verilog file ../../rtl/vga_ctrl.v
HDL-1007 : analyze verilog file ../../rtl/vga_pic.v
HDL-1007 : analyze verilog file ../../rtl/SD/sd_ctrl.v
HDL-1007 : analyze verilog file ../../rtl/SD/sd_init.v
HDL-1007 : analyze verilog file ../../rtl/SD/sd_read.v
HDL-1007 : analyze verilog file ../../rtl/SD/sd_write.v
RUN-1001 : Project manager successfully analyzed 8 source files.
RUN-1002 : start command "import_device eagle_s20.db -package EG4S20BG256"
ARC-1001 : Device Initialization.
ARC-1001 : ------------------------------------------------------------------
ARC-1001 :            OPTION            |          IO          |   SETTING   
ARC-1001 : ------------------------------------------------------------------
ARC-1001 :   cso_b/cclk/mosi/miso/dout  |  T3/R11/T10/P10/S11  |    gpio    
ARC-1001 :             done             |         P13          |    gpio    
ARC-1001 :           program_b          |          T2          |  dedicate  
ARC-1001 :        tdi/tms/tck/tdo       |   C12/A15/C14/E14    |  dedicate  
ARC-1001 : ------------------------------------------------------------------
ARC-1004 : Device setting, marked 5 dedicate IOs in total.
RUN-1002 : start command "elaborate -top hdmi_colorbar"
RUN-1001 : Print Design Property
RUN-1001 : --------------------------------------------------------------
RUN-1001 :        Parameters       |  Settings  |  Default Values  |  Note  
RUN-1001 : --------------------------------------------------------------
RUN-1001 :   default_reg_initial   |    auto    |       auto       |        
RUN-1001 :        infer_add        |     on     |        on        |        
RUN-1001 :        infer_fsm        |    off     |       off        |        
RUN-1001 :        infer_mult       |     on     |        on        |        
RUN-1001 :        infer_ram        |     on     |        on        |        
RUN-1001 :        infer_reg        |     on     |        on        |        
RUN-1001 :   infer_reg_init_value  |     on     |        on        |        
RUN-1001 :        infer_rom        |     on     |        on        |        
RUN-1001 :      infer_shifter      |     on     |        on        |        
RUN-1001 : --------------------------------------------------------------
RUN-1001 : Print Rtl Property
RUN-1001 : --------------------------------------------------------------
RUN-1001 :        Parameters       |  Settings  |  Default Values  |  Note  
RUN-1001 : --------------------------------------------------------------
RUN-1001 :       compress_add      |   ripple   |      ripple      |        
RUN-1001 :        elf_sload        |    off     |       off        |        
RUN-1001 :       fix_undriven      |     0      |        0         |        
RUN-1001 :         flatten         |    off     |       off        |        
RUN-1001 :       gate_sharing      |     on     |        on        |        
RUN-1001 :    hdl_warning_level    |   normal   |      normal      |        
RUN-1001 :   impl_internal_tribuf  |     on     |        on        |        
RUN-1001 :      impl_set_reset     |     on     |        on        |        
RUN-1001 :        infer_gsr        |    off     |       off        |        
RUN-1001 :      keep_hierarchy     |    auto    |       auto       |        
RUN-1001 :        max_fanout       |    9999    |       9999       |        
RUN-1001 :      max_oh2bin_len     |     10     |        10        |        
RUN-1001 :       merge_equal       |     on     |        on        |        
RUN-1001 :       merge_equiv       |     on     |        on        |        
RUN-1001 :        merge_mux        |    off     |       off        |        
RUN-1001 :     min_control_set     |     8      |        8         |        
RUN-1001 :      min_ripple_len     |    auto    |       auto       |        
RUN-1001 :       oh2bin_ratio      |    0.08    |       0.08       |        
RUN-1001 :     opt_adder_fanout    |     on     |        on        |        
RUN-1001 :        opt_arith        |     on     |        on        |        
RUN-1001 :       opt_big_gate      |    off     |       off        |        
RUN-1001 :        opt_const        |     on     |        on        |        
RUN-1001 :      opt_const_mult     |     on     |        on        |        
RUN-1001 :       opt_lessthan      |     on     |        on        |        
RUN-1001 :         opt_mux         |    off     |       off        |        
RUN-1001 :         opt_ram         |    high    |       high       |        
RUN-1001 :      rtl_sim_model      |    off     |       off        |        
RUN-1001 :         seq_syn         |     on     |        on        |        
RUN-1001 : --------------------------------------------------------------
RUN-1001 : Print Global Property
RUN-1001 : ---------------------------------------------------------------
RUN-1001 :        Parameters        |  Settings  |  Default Values  |  Note  
RUN-1001 : ---------------------------------------------------------------
RUN-1001 :          message         |  standard  |     standard     |        
RUN-1001 :   mixed_pack_place_flow  |     on     |        on        |        
RUN-1001 :        qor_monitor       |    off     |       off        |        
RUN-1001 :        syn_ip_flow       |    off     |       off        |        
RUN-1001 :          thread          |    auto    |       auto       |        
RUN-1001 : ---------------------------------------------------------------
RUN-1001 : Print Design Property
RUN-1001 : --------------------------------------------------------------
RUN-1001 :        Parameters       |  Settings  |  Default Values  |  Note  
RUN-1001 : --------------------------------------------------------------
RUN-1001 :   default_reg_initial   |    auto    |       auto       |        
RUN-1001 :        infer_add        |     on     |        on        |        
RUN-1001 :        infer_fsm        |    off     |       off        |        
RUN-1001 :        infer_mult       |     on     |        on        |        
RUN-1001 :        infer_ram        |     on     |        on        |        
RUN-1001 :        infer_reg        |     on     |        on        |        
RUN-1001 :   infer_reg_init_value  |     on     |        on        |        
RUN-1001 :        infer_rom        |     on     |        on        |        
RUN-1001 :      infer_shifter      |     on     |        on        |        
RUN-1001 : --------------------------------------------------------------
HDL-1007 : elaborate module hdmi_colorbar in ../../rtl/hdmi_colorbar.v(10)
HDL-1007 : elaborate module pll_clk in ../../al_ip/pll_clk.v(24)
HDL-1007 : elaborate module EG_LOGIC_BUFG in E:/SoftWare/FPGA/Anlogic/arch/eagle_macro.v(8)
HDL-1007 : elaborate module EG_PHY_PLL(FIN="24.000",CLKC0_DIV=50,CLKC1_DIV=24,CLKC2_DIV=24,CLKC0_ENABLE="ENABLE",CLKC1_ENABLE="ENABLE",CLKC2_ENABLE="ENABLE",FEEDBK_PATH="CLKC0_EXT",STDBY_ENABLE="DISABLE",CLKC0_CPHASE=49,CLKC1_CPHASE=23,CLKC2_CPHASE=11,GMC_GAIN=2,ICP_CURRENT=9,KVCO=2,LPF_CAPACITOR=1,LPF_RESISTOR=8,SYNC_ENABLE="DISABLE") in E:/SoftWare/FPGA/Anlogic/arch/eagle_macro.v(930)
HDL-1007 : elaborate module vga_ctrl in ../../rtl/vga_ctrl.v(10)
HDL-1007 : elaborate module vga_pic in ../../rtl/vga_pic.v(10)
HDL-1007 : elaborate module sd_ctrl in ../../rtl/SD/sd_ctrl.v(10)
HDL-1007 : elaborate module sd_init in ../../rtl/SD/sd_init.v(10)
HDL-1007 : elaborate module sd_write in ../../rtl/SD/sd_write.v(10)
HDL-1007 : elaborate module sd_read in ../../rtl/SD/sd_read.v(10)
HDL-5007 WARNING: input port 'rd_en' remains unconnected for this instance in ../../rtl/hdmi_colorbar.v(88)
HDL-1200 : Current top model is hdmi_colorbar
HDL-1100 : Inferred 0 RAMs.
RUN-1002 : start command "export_db SD_SDRAM_VGA_elaborate.db"
RUN-1001 : Exported /
RUN-1001 : Exported flow parameters
RUN-1001 : Exported libs
RUN-1001 : Exported entities
RUN-1001 : Exported ports
RUN-1001 : Exported pins
RUN-1001 : Exported instances
RUN-1001 : Exported nets
RUN-1001 : Exported buses
RUN-1001 : Exported models
RUN-1001 : Exported congestions
RUN-1001 : Exported violations
RUN-1001 : Exported IO constraints
RUN-1001 : Exported Inst constraints
RUN-1002 : start command "read_adc ../../io.adc"
RUN-1002 : start command "set_pin_assignment  hdmi_out_clk   LOCATION = H2; IOSTANDARD = LVCMOS33; DRIVESTRENGTH = 8; PULLTYPE = NONE; "
RUN-1002 : start command "set_pin_assignment  hdmi_out_hsync   LOCATION = J3; IOSTANDARD = LVCMOS33; DRIVESTRENGTH = 8; PULLTYPE = NONE; "
RUN-1002 : start command "set_pin_assignment  hdmi_out_rgb[0]   LOCATION = G1; IOSTANDARD = LVCMOS33; DRIVESTRENGTH = 8; PULLTYPE = NONE; "
RUN-1002 : start command "set_pin_assignment  hdmi_out_rgb[10]   LOCATION = K1; IOSTANDARD = LVCMOS33; DRIVESTRENGTH = 8; PULLTYPE = NONE; "
RUN-1002 : start command "set_pin_assignment  hdmi_out_rgb[11]   LOCATION = J1; IOSTANDARD = LVCMOS33; DRIVESTRENGTH = 8; PULLTYPE = NONE; "
RUN-1002 : start command "set_pin_assignment  hdmi_out_rgb[12]   LOCATION = H3; IOSTANDARD = LVCMOS33; DRIVESTRENGTH = 8; PULLTYPE = NONE; "
RUN-1002 : start command "set_pin_assignment  hdmi_out_rgb[13]   LOCATION = J6; IOSTANDARD = LVCMOS33; DRIVESTRENGTH = 8; PULLTYPE = NONE; "
RUN-1002 : start command "set_pin_assignment  hdmi_out_rgb[14]   LOCATION = H1; IOSTANDARD = LVCMOS33; DRIVESTRENGTH = 8; PULLTYPE = NONE; "
RUN-1002 : start command "set_pin_assignment  hdmi_out_rgb[15]   LOCATION = H5; IOSTANDARD = LVCMOS33; DRIVESTRENGTH = 8; PULLTYPE = NONE; "
RUN-1002 : start command "set_pin_assignment  hdmi_out_rgb[16]   LOCATION = L5; IOSTANDARD = LVCMOS33; DRIVESTRENGTH = 8; PULLTYPE = NONE; "
RUN-1002 : start command "set_pin_assignment  hdmi_out_rgb[17]   LOCATION = L3; IOSTANDARD = LVCMOS33; DRIVESTRENGTH = 8; PULLTYPE = NONE; "
RUN-1002 : start command "set_pin_assignment  hdmi_out_rgb[18]   LOCATION = M2; IOSTANDARD = LVCMOS33; DRIVESTRENGTH = 8; PULLTYPE = NONE; "
RUN-1002 : start command "set_pin_assignment  hdmi_out_rgb[19]   LOCATION = M1; IOSTANDARD = LVCMOS33; DRIVESTRENGTH = 8; PULLTYPE = NONE; "
RUN-1002 : start command "set_pin_assignment  hdmi_out_rgb[1]   LOCATION = F1; IOSTANDARD = LVCMOS33; DRIVESTRENGTH = 8; PULLTYPE = NONE; "
RUN-1002 : start command "set_pin_assignment  hdmi_out_rgb[20]   LOCATION = L4; IOSTANDARD = LVCMOS33; DRIVESTRENGTH = 8; PULLTYPE = NONE; "
RUN-1002 : start command "set_pin_assignment  hdmi_out_rgb[21]   LOCATION = K5; IOSTANDARD = LVCMOS33; DRIVESTRENGTH = 8; PULLTYPE = NONE; "
RUN-1002 : start command "set_pin_assignment  hdmi_out_rgb[22]   LOCATION = K3; IOSTANDARD = LVCMOS33; DRIVESTRENGTH = 8; PULLTYPE = NONE; "
RUN-1002 : start command "set_pin_assignment  hdmi_out_rgb[23]   LOCATION = K6; IOSTANDARD = LVCMOS33; DRIVESTRENGTH = 8; PULLTYPE = NONE; "
RUN-1002 : start command "set_pin_assignment  hdmi_out_rgb[2]   LOCATION = F2; IOSTANDARD = LVCMOS33; DRIVESTRENGTH = 8; PULLTYPE = NONE; "
RUN-1002 : start command "set_pin_assignment  hdmi_out_rgb[3]   LOCATION = E1; IOSTANDARD = LVCMOS33; DRIVESTRENGTH = 8; PULLTYPE = NONE; "
RUN-1002 : start command "set_pin_assignment  hdmi_out_rgb[4]   LOCATION = G3; IOSTANDARD = LVCMOS33; DRIVESTRENGTH = 8; PULLTYPE = NONE; "
RUN-1002 : start command "set_pin_assignment  hdmi_out_rgb[5]   LOCATION = E2; IOSTANDARD = LVCMOS33; DRIVESTRENGTH = 8; PULLTYPE = NONE; "
RUN-1002 : start command "set_pin_assignment  hdmi_out_rgb[6]   LOCATION = D1; IOSTANDARD = LVCMOS33; DRIVESTRENGTH = 8; PULLTYPE = NONE; "
RUN-1002 : start command "set_pin_assignment  hdmi_out_rgb[7]   LOCATION = C1; IOSTANDARD = LVCMOS33; DRIVESTRENGTH = 8; PULLTYPE = NONE; "
RUN-1002 : start command "set_pin_assignment  hdmi_out_rgb[8]   LOCATION = L1; IOSTANDARD = LVCMOS33; DRIVESTRENGTH = 8; PULLTYPE = NONE; "
RUN-1002 : start command "set_pin_assignment  hdmi_out_rgb[9]   LOCATION = K2; IOSTANDARD = LVCMOS33; DRIVESTRENGTH = 8; PULLTYPE = NONE; "
RUN-1002 : start command "set_pin_assignment  hdmi_out_vsync   LOCATION = J4; IOSTANDARD = LVCMOS33; DRIVESTRENGTH = 8; PULLTYPE = NONE; "
RUN-1002 : start command "set_pin_assignment  sys_clk   LOCATION = K14; IOSTANDARD = LVCMOS33; PULLTYPE = PULLUP; "
RUN-1002 : start command "set_pin_assignment  sys_rst_n   LOCATION = T4; IOSTANDARD = LVCMOS33; PULLTYPE = PULLUP; "
RUN-1002 : start command "set_pin_assignment  sd_miso   LOCATION = P1; IOSTANDARD = LVCMOS33; PULLTYPE = NONE; "
RUN-1002 : start command "set_pin_assignment  sd_clk   LOCATION = M9; IOSTANDARD = LVCMOS33; PULLTYPE = NONE; "
RUN-1002 : start command "set_pin_assignment  sd_cs_n   LOCATION = R1; IOSTANDARD = LVCMOS33; PULLTYPE = NONE; "
RUN-1002 : start command "set_pin_assignment  sd_mosi   LOCATION = P2; IOSTANDARD = LVCMOS33; PULLTYPE = NONE; "
RUN-1002 : start command "set_pin_assignment  led   LOCATION = M3; IOSTANDARD = LVCMOS33; PULLTYPE = NONE; "
RUN-1001 : Starting of IO setups legality check.
RUN-1001 : Starting of IO setups legality check.
RUN-1001 : Starting of IO vref setups legality check.
USR-6010 WARNING: ADC constraints: top model pin hdmi_out_de has no constraint.
USR-6010 WARNING: ADC constraints: top model pin hdmi_out_rst_n has no constraint.
RUN-1002 : start command "optimize_rtl"
RUN-1001 : Open license file E:/SoftWare/FPGA/Anlogic/license/Anlogic.lic
RUN-1001 : Print Global Property
RUN-1001 : ---------------------------------------------------------------
RUN-1001 :        Parameters        |  Settings  |  Default Values  |  Note  
RUN-1001 : ---------------------------------------------------------------
RUN-1001 :          message         |  standard  |     standard     |        
RUN-1001 :   mixed_pack_place_flow  |     on     |        on        |        
RUN-1001 :        qor_monitor       |    off     |       off        |        
RUN-1001 :        syn_ip_flow       |    off     |       off        |        
RUN-1001 :          thread          |    auto    |       auto       |        
RUN-1001 : ---------------------------------------------------------------
RUN-1001 : Print Rtl Property
RUN-1001 : --------------------------------------------------------------
RUN-1001 :        Parameters       |  Settings  |  Default Values  |  Note  
RUN-1001 : --------------------------------------------------------------
RUN-1001 :       compress_add      |   ripple   |      ripple      |        
RUN-1001 :        elf_sload        |    off     |       off        |        
RUN-1001 :       fix_undriven      |     0      |        0         |        
RUN-1001 :         flatten         |    off     |       off        |        
RUN-1001 :       gate_sharing      |     on     |        on        |        
RUN-1001 :    hdl_warning_level    |   normal   |      normal      |        
RUN-1001 :   impl_internal_tribuf  |     on     |        on        |        
RUN-1001 :      impl_set_reset     |     on     |        on        |        
RUN-1001 :        infer_gsr        |    off     |       off        |        
RUN-1001 :      keep_hierarchy     |    auto    |       auto       |        
RUN-1001 :        max_fanout       |    9999    |       9999       |        
RUN-1001 :      max_oh2bin_len     |     10     |        10        |        
RUN-1001 :       merge_equal       |     on     |        on        |        
RUN-1001 :       merge_equiv       |     on     |        on        |        
RUN-1001 :        merge_mux        |    off     |       off        |        
RUN-1001 :     min_control_set     |     8      |        8         |        
RUN-1001 :      min_ripple_len     |    auto    |       auto       |        
RUN-1001 :       oh2bin_ratio      |    0.08    |       0.08       |        
RUN-1001 :     opt_adder_fanout    |     on     |        on        |        
RUN-1001 :        opt_arith        |     on     |        on        |        
RUN-1001 :       opt_big_gate      |    off     |       off        |        
RUN-1001 :        opt_const        |     on     |        on        |        
RUN-1001 :      opt_const_mult     |     on     |        on        |        
RUN-1001 :       opt_lessthan      |     on     |        on        |        
RUN-1001 :         opt_mux         |    off     |       off        |        
RUN-1001 :         opt_ram         |    high    |       high       |        
RUN-1001 :      rtl_sim_model      |    off     |       off        |        
RUN-1001 :         seq_syn         |     on     |        on        |        
RUN-1001 : --------------------------------------------------------------
SYN-1012 : SanityCheck: Model "hdmi_colorbar"
SYN-1012 : SanityCheck: Model "pll_clk"
SYN-1012 : SanityCheck: Model "sd_ctrl"
SYN-1012 : SanityCheck: Model "sd_init"
SYN-1012 : SanityCheck: Model "sd_read"
SYN-1012 : SanityCheck: Model "sd_write"
SYN-1012 : SanityCheck: Model "vga_ctrl"
SYN-1012 : SanityCheck: Model "vga_pic"
SYN-1043 : Mark pll_clk as IO macro for instance bufg_feedback
SYN-1011 : Flatten model hdmi_colorbar
SYN-1032 : 1459/125 useful/useless nets, 579/15 useful/useless insts
SYN-1016 : Merged 22 instances.
SYN-1032 : 1132/217 useful/useless nets, 420/10 useful/useless insts
SYN-1016 : Merged 60 instances.
SYN-5013 WARNING: Undriven net: model "hdmi_colorbar" / net "sd_ctrl_inst/rd_en" in ../../rtl/SD/sd_ctrl.v(27)
SYN-5014 WARNING: the net's pin: pin "I[0]" in ../../rtl/SD/sd_ctrl.v(116)
SYN-5013 WARNING: Undriven net: model "hdmi_colorbar" / net "sd_ctrl_inst/sd_read_inst/cmd_rd[39]" in ../../rtl/SD/sd_read.v(38)
SYN-5014 WARNING: the net's pin: pin "i39" in ../../rtl/SD/sd_read.v(164)
SYN-5013 WARNING: Undriven net: model "hdmi_colorbar" / net "sd_ctrl_inst/sd_read_inst/cmd_rd[38]" in ../../rtl/SD/sd_read.v(38)
SYN-5014 WARNING: the net's pin: pin "i38" in ../../rtl/SD/sd_read.v(164)
SYN-5013 WARNING: Undriven net: model "hdmi_colorbar" / net "sd_ctrl_inst/sd_read_inst/cmd_rd[37]" in ../../rtl/SD/sd_read.v(38)
SYN-5014 WARNING: the net's pin: pin "i37" in ../../rtl/SD/sd_read.v(164)
SYN-5013 WARNING: Undriven net: model "hdmi_colorbar" / net "sd_ctrl_inst/sd_read_inst/cmd_rd[36]" in ../../rtl/SD/sd_read.v(38)
SYN-5014 WARNING: the net's pin: pin "i36" in ../../rtl/SD/sd_read.v(164)
SYN-5013 WARNING: Undriven net: model "hdmi_colorbar" / net "sd_ctrl_inst/sd_read_inst/cmd_rd[35]" in ../../rtl/SD/sd_read.v(38)
SYN-5014 WARNING: the net's pin: pin "i35" in ../../rtl/SD/sd_read.v(164)
SYN-5013 WARNING: Undriven net: model "hdmi_colorbar" / net "sd_ctrl_inst/sd_read_inst/cmd_rd[34]" in ../../rtl/SD/sd_read.v(38)
SYN-5014 WARNING: the net's pin: pin "i34" in ../../rtl/SD/sd_read.v(164)
SYN-5013 WARNING: Undriven net: model "hdmi_colorbar" / net "sd_ctrl_inst/sd_read_inst/cmd_rd[33]" in ../../rtl/SD/sd_read.v(38)
SYN-5014 WARNING: the net's pin: pin "i33" in ../../rtl/SD/sd_read.v(164)
SYN-5013 WARNING: Undriven net: model "hdmi_colorbar" / net "sd_ctrl_inst/sd_read_inst/cmd_rd[32]" in ../../rtl/SD/sd_read.v(38)
SYN-5014 WARNING: the net's pin: pin "i32" in ../../rtl/SD/sd_read.v(164)
SYN-5013 WARNING: Undriven net: model "hdmi_colorbar" / net "sd_ctrl_inst/sd_read_inst/cmd_rd[31]" in ../../rtl/SD/sd_read.v(38)
SYN-5014 WARNING: the net's pin: pin "i31" in ../../rtl/SD/sd_read.v(164)
SYN-5013 WARNING: Undriven net: model "hdmi_colorbar" / net "sd_ctrl_inst/sd_read_inst/cmd_rd[30]" in ../../rtl/SD/sd_read.v(38)
SYN-5014 WARNING: the net's pin: pin "i30" in ../../rtl/SD/sd_read.v(164)
SYN-5013 WARNING: Undriven net: model "hdmi_colorbar" / net "sd_ctrl_inst/sd_read_inst/cmd_rd[29]" in ../../rtl/SD/sd_read.v(38)
SYN-5014 WARNING: the net's pin: pin "i29" in ../../rtl/SD/sd_read.v(164)
SYN-5013 WARNING: Undriven net: model "hdmi_colorbar" / net "sd_ctrl_inst/sd_read_inst/cmd_rd[28]" in ../../rtl/SD/sd_read.v(38)
SYN-5014 WARNING: the net's pin: pin "i28" in ../../rtl/SD/sd_read.v(164)
SYN-5013 WARNING: Undriven net: model "hdmi_colorbar" / net "sd_ctrl_inst/sd_read_inst/cmd_rd[27]" in ../../rtl/SD/sd_read.v(38)
SYN-5014 WARNING: the net's pin: pin "i27" in ../../rtl/SD/sd_read.v(164)
SYN-5013 WARNING: Undriven net: model "hdmi_colorbar" / net "sd_ctrl_inst/sd_read_inst/cmd_rd[26]" in ../../rtl/SD/sd_read.v(38)
SYN-5014 WARNING: the net's pin: pin "i26" in ../../rtl/SD/sd_read.v(164)
SYN-5013 WARNING: Undriven net: model "hdmi_colorbar" / net "sd_ctrl_inst/sd_read_inst/cmd_rd[25]" in ../../rtl/SD/sd_read.v(38)
SYN-5014 WARNING: the net's pin: pin "i25" in ../../rtl/SD/sd_read.v(164)
SYN-5013 WARNING: Undriven net: model "hdmi_colorbar" / net "sd_ctrl_inst/sd_read_inst/cmd_rd[24]" in ../../rtl/SD/sd_read.v(38)
SYN-5014 WARNING: the net's pin: pin "i24" in ../../rtl/SD/sd_read.v(164)
SYN-5013 WARNING: Undriven net: model "hdmi_colorbar" / net "sd_ctrl_inst/sd_read_inst/cmd_rd[23]" in ../../rtl/SD/sd_read.v(38)
SYN-5014 WARNING: the net's pin: pin "i23" in ../../rtl/SD/sd_read.v(164)
SYN-5013 WARNING: Undriven net: model "hdmi_colorbar" / net "sd_ctrl_inst/sd_read_inst/cmd_rd[22]" in ../../rtl/SD/sd_read.v(38)
SYN-5014 WARNING: the net's pin: pin "i22" in ../../rtl/SD/sd_read.v(164)
SYN-5013 WARNING: Undriven net: model "hdmi_colorbar" / net "sd_ctrl_inst/sd_read_inst/cmd_rd[21]" in ../../rtl/SD/sd_read.v(38)
SYN-5014 WARNING: the net's pin: pin "i21" in ../../rtl/SD/sd_read.v(164)
SYN-5013 WARNING: Undriven net: model "hdmi_colorbar" / net "sd_ctrl_inst/sd_read_inst/cmd_rd[20]" in ../../rtl/SD/sd_read.v(38)
SYN-5014 WARNING: the net's pin: pin "i20" in ../../rtl/SD/sd_read.v(164)
SYN-5013 WARNING: Undriven net: model "hdmi_colorbar" / net "sd_ctrl_inst/sd_read_inst/cmd_rd[19]" in ../../rtl/SD/sd_read.v(38)
SYN-5014 WARNING: the net's pin: pin "i19" in ../../rtl/SD/sd_read.v(164)
SYN-5013 WARNING: Undriven net: model "hdmi_colorbar" / net "sd_ctrl_inst/sd_read_inst/cmd_rd[18]" in ../../rtl/SD/sd_read.v(38)
SYN-5014 WARNING: the net's pin: pin "i18" in ../../rtl/SD/sd_read.v(164)
SYN-5013 WARNING: Undriven net: model "hdmi_colorbar" / net "sd_ctrl_inst/sd_read_inst/cmd_rd[17]" in ../../rtl/SD/sd_read.v(38)
SYN-5014 WARNING: the net's pin: pin "i17" in ../../rtl/SD/sd_read.v(164)
SYN-5013 WARNING: Undriven net: model "hdmi_colorbar" / net "sd_ctrl_inst/sd_read_inst/cmd_rd[16]" in ../../rtl/SD/sd_read.v(38)
SYN-5014 WARNING: the net's pin: pin "i16" in ../../rtl/SD/sd_read.v(164)
SYN-5013 WARNING: Undriven net: model "hdmi_colorbar" / net "sd_ctrl_inst/sd_read_inst/cmd_rd[15]" in ../../rtl/SD/sd_read.v(38)
SYN-5014 WARNING: the net's pin: pin "i15" in ../../rtl/SD/sd_read.v(164)
SYN-5013 WARNING: Undriven net: model "hdmi_colorbar" / net "sd_ctrl_inst/sd_read_inst/cmd_rd[14]" in ../../rtl/SD/sd_read.v(38)
SYN-5014 WARNING: the net's pin: pin "i14" in ../../rtl/SD/sd_read.v(164)
SYN-5013 WARNING: Undriven net: model "hdmi_colorbar" / net "sd_ctrl_inst/sd_read_inst/cmd_rd[13]" in ../../rtl/SD/sd_read.v(38)
SYN-5014 WARNING: the net's pin: pin "i13" in ../../rtl/SD/sd_read.v(164)
SYN-5013 WARNING: Undriven net: model "hdmi_colorbar" / net "sd_ctrl_inst/sd_read_inst/cmd_rd[12]" in ../../rtl/SD/sd_read.v(38)
SYN-5014 WARNING: the net's pin: pin "i12" in ../../rtl/SD/sd_read.v(164)
SYN-5013 WARNING: Undriven net: model "hdmi_colorbar" / net "sd_ctrl_inst/sd_read_inst/cmd_rd[11]" in ../../rtl/SD/sd_read.v(38)
SYN-5014 WARNING: the net's pin: pin "i11" in ../../rtl/SD/sd_read.v(164)
SYN-5013 WARNING: Undriven net: model "hdmi_colorbar" / net "sd_ctrl_inst/sd_read_inst/cmd_rd[10]" in ../../rtl/SD/sd_read.v(38)
SYN-5014 WARNING: the net's pin: pin "i10" in ../../rtl/SD/sd_read.v(164)
SYN-5013 WARNING: Undriven net: model "hdmi_colorbar" / net "sd_ctrl_inst/sd_read_inst/cmd_rd[9]" in ../../rtl/SD/sd_read.v(38)
SYN-5014 WARNING: the net's pin: pin "i9" in ../../rtl/SD/sd_read.v(164)
SYN-5013 WARNING: Undriven net: model "hdmi_colorbar" / net "sd_ctrl_inst/sd_read_inst/cmd_rd[8]" in ../../rtl/SD/sd_read.v(38)
SYN-5014 WARNING: the net's pin: pin "i8" in ../../rtl/SD/sd_read.v(164)
SYN-5025 WARNING: Using 0 for all undriven pins and nets
SYN-1032 : 1064/1 useful/useless nets, 933/26 useful/useless insts
SYN-1014 : Optimize round 1
SYN-1017 : Remove 1 const input seq instances
SYN-1002 :     sd_ctrl_inst/sd_init_inst/reg3_syn_9
SYN-1019 : Optimized 4 mux instances.
SYN-1021 : Optimized 3 onehot mux instances.
SYN-1020 : Optimized 56 distributor mux.
SYN-1001 : Optimize 25 less-than instances
SYN-1019 : Optimized 68 mux instances.
SYN-1016 : Merged 59 instances.
SYN-1015 : Optimize round 1, 471 better
SYN-1014 : Optimize round 2
SYN-1032 : 950/4 useful/useless nets, 822/62 useful/useless insts
SYN-1017 : Remove 2 const input seq instances
SYN-1002 :     sd_ctrl_inst/sd_read_inst/cs_n_reg
SYN-1002 :     sd_ctrl_inst/sd_write_inst/cs_n_reg
SYN-1019 : Optimized 16 mux instances.
SYN-1015 : Optimize round 2, 121 better
SYN-3004 : Optimized 61 const0 DFF(s)
SYN-3008 : Optimized 2 const1 DFF(s)
SYN-1032 : 528/404 useful/useless nets, 471/270 useful/useless insts
SYN-1014 : Optimize round 1
SYN-1015 : Optimize round 1, 2 better
SYN-1014 : Optimize round 2
SYN-1032 : 526/2 useful/useless nets, 469/0 useful/useless insts
SYN-1019 : Optimized 4 mux instances.
SYN-1015 : Optimize round 2, 4 better
SYN-1014 : Optimize round 3
SYN-1015 : Optimize round 3, 0 better
RUN-1002 : start command "report_area -file SD_SDRAM_VGA_rtl.area"
RUN-1001 : standard
***Report Model: hdmi_colorbar Device: EG4S20BG256***

IO Statistics
#IO                        36
  #input                    3
  #output                  33
  #inout                    0

Gate Statistics
#Basic gates              187
  #and                     20
  #nand                     0
  #or                       8
  #nor                      0
  #xor                      0
  #xnor                     0
  #buf                      0
  #not                      8
  #bufif1                   0
  #MX21                    51
  #FADD                     0
  #DFF                    100
  #LATCH                    0
#MACRO_ADD                 35
#MACRO_EQ                  10
#MACRO_MUX                 75
#MACRO_OTHERS               1

Report Hierarchy Area:
+--------------------------------------------------------+
|Instance         |Module        |gates  |seq    |macros |
+--------------------------------------------------------+
|top              |hdmi_colorbar |87     |100    |46     |
|  U_pll_clk      |pll_clk       |0      |0      |1      |
|  sd_ctrl_inst   |sd_ctrl       |58     |72     |15     |
|    sd_init_inst |sd_init       |55     |72     |15     |
|  vga_ctrl_inst  |vga_ctrl      |6      |24     |13     |
|  vga_pic_inst   |vga_pic       |20     |4      |17     |
+--------------------------------------------------------+

RUN-1002 : start command "export_db SD_SDRAM_VGA_rtl.db"
RUN-1001 : Exported /
RUN-1001 : Exported flow parameters
RUN-1001 : Exported libs
RUN-1001 : Exported entities
RUN-1001 : Exported ports
RUN-1001 : Exported pins
RUN-1001 : Exported instances
RUN-1001 : Exported nets
RUN-1001 : Exported buses
RUN-1001 : Exported models
RUN-1001 : Exported congestions
RUN-1001 : Exported violations
RUN-1001 : Exported IO constraints
RUN-1001 : Exported Inst constraints
RUN-1002 : start command "optimize_gate -maparea SD_SDRAM_VGA_gate.area"
RUN-1001 : Open license file E:/SoftWare/FPGA/Anlogic/license/Anlogic.lic
RUN-1001 : Print Global Property
RUN-1001 : ---------------------------------------------------------------
RUN-1001 :        Parameters        |  Settings  |  Default Values  |  Note  
RUN-1001 : ---------------------------------------------------------------
RUN-1001 :          message         |  standard  |     standard     |        
RUN-1001 :   mixed_pack_place_flow  |     on     |        on        |        
RUN-1001 :        qor_monitor       |    off     |       off        |        
RUN-1001 :        syn_ip_flow       |    off     |       off        |        
RUN-1001 :          thread          |    auto    |       auto       |        
RUN-1001 : ---------------------------------------------------------------
RUN-1001 : Print Gate Property
RUN-1001 : ------------------------------------------------------------------
RUN-1001 :          Parameters         |  Settings  |  Default Values  |  Note  
RUN-1001 : ------------------------------------------------------------------
RUN-1001 :         cascade_dsp         |    off     |       off        |        
RUN-1001 :         cascade_eram        |    off     |       off        |        
RUN-1001 :        gate_sim_model       |    off     |       off        |        
RUN-1001 :        map_sim_model        |    off     |       off        |        
RUN-1001 :         map_strategy        |     1      |        1         |        
RUN-1001 :           opt_area          |   medium   |      medium      |        
RUN-1001 :          opt_timing         |    auto    |       auto       |        
RUN-1001 :         pack_effort         |   medium   |      medium      |        
RUN-1001 :      pack_lslice_ripple     |     on     |        on        |        
RUN-1001 :   pack_lslice_ripple_ratio  |    0.5     |       0.5        |        
RUN-1001 :        pack_seq_in_io       |    auto    |       auto       |        
RUN-1001 :        ph1_mux_ratio        |    1.0     |       1.0        |        
RUN-1001 :            report           |  standard  |     standard     |        
RUN-1001 :           retiming          |    off     |       off        |        
RUN-1001 : ------------------------------------------------------------------
SYN-2001 : Map 36 IOs to PADs
SYN-1032 : 554/0 useful/useless nets, 500/1 useful/useless insts
RUN-1002 : start command "update_pll_param -module hdmi_colorbar"
SYN-2501 : Processed 0 LOGIC_BUF instances.
SYN-2501 : 1 BUFG to GCLK
SYN-2571 : Optimize after map_dsp, round 1
SYN-2571 : Optimize after map_dsp, round 1, 0 better
SYN-2501 : Optimize round 1
SYN-1016 : Merged 10 instances.
SYN-2501 : Optimize round 1, 94 better
SYN-2501 : Optimize round 2
SYN-2501 : Optimize round 2, 0 better
SYN-2501 : Map 35 macro adder
SYN-3001 : Mapper mapped 63 instances into 3 LUTs, name keeping = 100%.
SYN-3001 : Mapper mapped 63 instances into 5 LUTs, name keeping = 100%.
SYN-3001 : Mapper mapped 31 instances into 2 LUTs, name keeping = 50%.
SYN-3001 : Mapper mapped 63 instances into 2 LUTs, name keeping = 50%.
SYN-2501 : Inferred 1 ROM instances
SYN-1019 : Optimized 123 mux instances.
SYN-1016 : Merged 107 instances.
SYN-1032 : 1088/7 useful/useless nets, 1035/0 useful/useless insts
SYN-3001 : Running gate level optimization.
SYN-2581 : Mapping with K=5, #lut = 173 (3.38), #lev = 5 (2.70)
SYN-2551 : Post LUT mapping optimization.
SYN-2581 : Mapping with K=5, #lut = 165 (3.33), #lev = 5 (2.62)
SYN-3001 : Logic optimization runtime opt =   0.02 sec, map =   0.00 sec
SYN-3001 : Mapper mapped 472 instances into 167 LUTs, name keeping = 65%.
RUN-1002 : start command "report_area -file SD_SDRAM_VGA_gate.area"
RUN-1001 : standard
***Report Model: hdmi_colorbar Device: EG4S20BG256***

IO Statistics
#IO                        36
  #input                    3
  #output                  33
  #inout                    0

LUT Statistics
#Total_luts               436
  #lut4                   138
  #lut5                    29
  #lut6                     1
  #lut5_mx41                0
  #lut4_alu1b             268

Utilization Statistics
#lut                      437   out of  19600    2.23%
#reg                       99   out of  19600    0.51%
#le                         0
#dsp                        0   out of     29    0.00%
#bram                       0   out of     64    0.00%
  #bram9k                   0
  #fifo9k                   0
#bram32k                    0   out of     16    0.00%
#pad                       36   out of    188   19.15%
  #ireg                     1
  #oreg                     0
  #treg                     0
#pll                        1   out of      4   25.00%

Report Hierarchy Area:
+-----------------------------------------------------------------------------+
|Instance         |Module        |lut     |ripple  |seq     |bram    |dsp     |
+-----------------------------------------------------------------------------+
|top              |hdmi_colorbar |169     |268     |100     |0       |0       |
|  U_pll_clk      |pll_clk       |1       |0       |0       |0       |0       |
|  sd_ctrl_inst   |sd_ctrl       |120     |51      |71      |0       |0       |
|    sd_init_inst |sd_init       |120     |51      |71      |0       |0       |
|  vga_ctrl_inst  |vga_ctrl      |16      |137     |24      |0       |0       |
|  vga_pic_inst   |vga_pic       |23      |80      |4       |0       |0       |
+-----------------------------------------------------------------------------+

SYN-1001 : Packing model "hdmi_colorbar" ...
SYN-4010 : Pack lib has 58 rtl pack models with 25 top pack blocks
SYN-1014 : Optimize round 1
SYN-1015 : Optimize round 1, 0 better
SYN-4002 : Packing 99 DFF/LATCH to SEQ ...
SYN-4009 : Pack 6 carry chain into lslice
SYN-4007 : Packing 203 adder to BLE ...
SYN-4008 : Packed 203 adder and 0 SEQ to BLE.
SYN-4007 : Packing 0 gate4 to BLE ...
SYN-4008 : Packed 0 gate4 and 0 SEQ to BLE.
SYN-4012 : Packed 0 FxMUX
RUN-1002 : start command "legalize_phy_inst"
SYN-1011 : Flatten model hdmi_colorbar
RUN-1002 : start command "export_db SD_SDRAM_VGA_gate.db"
RUN-1001 : Exported /
RUN-1001 : Exported flow parameters
RUN-1001 : Exported libs
RUN-1001 : Exported entities
RUN-1001 : Exported ports
RUN-1001 : Exported pins
RUN-1001 : Exported instances
RUN-1001 : Exported nets
RUN-1001 : Exported buses
RUN-1001 : Exported models
RUN-1001 : Exported congestions
RUN-1001 : Exported violations
RUN-1001 : Exported IO constraints
RUN-1001 : Exported Inst constraints
RUN-1002 : start command "backup_run_log run.log ../.logs/syn_1/td_20230519_041735.log"
