============================================================
   Tang Dynasty, V5.6.71036
      Copyright (c) 2012-2023 Anlogic Inc.
   Executable = E:/SoftWare/FPGA/Anlogic/bin/td.exe
   Built at =   20:34:38 Mar 21 2023
   Run by =     Maxwiny
   Run Date =   Fri May 19 03:37:04 2023

   Run on =     MAXWINY-FA506QR
============================================================
RUN-1002 : start command "open_project SD_SDRAM_VGA.prj"
RUN-1001 : Print Global Property
RUN-1001 : ---------------------------------------------------------------
RUN-1001 :        Parameters        |  Settings  |  Default Values  |  Note  
RUN-1001 : ---------------------------------------------------------------
RUN-1001 :          message         |  standard  |     standard     |        
RUN-1001 :   mixed_pack_place_flow  |     on     |        on        |        
RUN-1001 :        qor_monitor       |    off     |       off        |        
RUN-1001 :        syn_ip_flow       |    off     |       off        |        
RUN-1001 :          thread          |    auto    |       auto       |        
RUN-1001 : ---------------------------------------------------------------
RUN-1001 : Print Design Property
RUN-1001 : --------------------------------------------------------------
RUN-1001 :        Parameters       |  Settings  |  Default Values  |  Note  
RUN-1001 : --------------------------------------------------------------
RUN-1001 :   default_reg_initial   |    auto    |       auto       |        
RUN-1001 :        infer_add        |     on     |        on        |        
RUN-1001 :        infer_fsm        |    off     |       off        |        
RUN-1001 :        infer_mult       |     on     |        on        |        
RUN-1001 :        infer_ram        |     on     |        on        |        
RUN-1001 :        infer_reg        |     on     |        on        |        
RUN-1001 :   infer_reg_init_value  |     on     |        on        |        
RUN-1001 :        infer_rom        |     on     |        on        |        
RUN-1001 :      infer_shifter      |     on     |        on        |        
RUN-1001 : --------------------------------------------------------------
RUN-1001 : Print Rtl Property
RUN-1001 : --------------------------------------------------------------
RUN-1001 :        Parameters       |  Settings  |  Default Values  |  Note  
RUN-1001 : --------------------------------------------------------------
RUN-1001 :       compress_add      |   ripple   |      ripple      |        
RUN-1001 :        elf_sload        |    off     |       off        |        
RUN-1001 :       fix_undriven      |     0      |        0         |        
RUN-1001 :         flatten         |    off     |       off        |        
RUN-1001 :       gate_sharing      |     on     |        on        |        
RUN-1001 :    hdl_warning_level    |   normal   |      normal      |        
RUN-1001 :   impl_internal_tribuf  |     on     |        on        |        
RUN-1001 :      impl_set_reset     |     on     |        on        |        
RUN-1001 :        infer_gsr        |    off     |       off        |        
RUN-1001 :      keep_hierarchy     |    auto    |       auto       |        
RUN-1001 :        max_fanout       |    9999    |       9999       |        
RUN-1001 :      max_oh2bin_len     |     10     |        10        |        
RUN-1001 :       merge_equal       |     on     |        on        |        
RUN-1001 :       merge_equiv       |     on     |        on        |        
RUN-1001 :        merge_mux        |    off     |       off        |        
RUN-1001 :     min_control_set     |     8      |        8         |        
RUN-1001 :      min_ripple_len     |    auto    |       auto       |        
RUN-1001 :       oh2bin_ratio      |    0.08    |       0.08       |        
RUN-1001 :     opt_adder_fanout    |     on     |        on        |        
RUN-1001 :        opt_arith        |     on     |        on        |        
RUN-1001 :       opt_big_gate      |    off     |       off        |        
RUN-1001 :        opt_const        |     on     |        on        |        
RUN-1001 :      opt_const_mult     |     on     |        on        |        
RUN-1001 :       opt_lessthan      |     on     |        on        |        
RUN-1001 :         opt_mux         |    off     |       off        |        
RUN-1001 :         opt_ram         |    high    |       high       |        
RUN-1001 :      rtl_sim_model      |    off     |       off        |        
RUN-1001 :         seq_syn         |     on     |        on        |        
RUN-1001 : --------------------------------------------------------------
HDL-1007 : analyze verilog file ../../al_ip/pll_clk.v
HDL-1007 : undeclared symbol 'open', assumed default net type 'wire' in ../../al_ip/pll_clk.v(71)
HDL-1007 : analyze verilog file ../../rtl/hdmi_colorbar.v
HDL-1007 : analyze verilog file ../../rtl/vga_ctrl.v
HDL-1007 : analyze verilog file ../../rtl/vga_pic.v
RUN-1001 : Project manager successfully analyzed 4 source files.
RUN-1002 : start command "import_device eagle_s20.db -package EG4S20BG256"
ARC-1001 : Device Initialization.
ARC-1001 : ------------------------------------------------------------------
ARC-1001 :            OPTION            |          IO          |   SETTING   
ARC-1001 : ------------------------------------------------------------------
ARC-1001 :   cso_b/cclk/mosi/miso/dout  |  T3/R11/T10/P10/S11  |    gpio    
ARC-1001 :             done             |         P13          |    gpio    
ARC-1001 :           program_b          |          T2          |  dedicate  
ARC-1001 :        tdi/tms/tck/tdo       |   C12/A15/C14/E14    |  dedicate  
ARC-1001 : ------------------------------------------------------------------
ARC-1004 : Device setting, marked 5 dedicate IOs in total.
RUN-1002 : start command "import_db ../syn_1/SD_SDRAM_VGA_gate.db"
RUN-1001 : Importing database generated by Tang Dynasty, V5.6.71036.
RUN-1001 : Database version number 46146.
RUN-1001 : Import flow parameters
RUN-1001 : Import IO constraints
RUN-1001 : Import Inst constraints
RUN-1001 : Import design success TD_VERSION=5.6.71036 , DB_VERSION=46146
RUN-1002 : start command "place"
RUN-1001 : Open license file E:/SoftWare/FPGA/Anlogic/license/Anlogic.lic
RUN-1001 : Print Global Property
RUN-1001 : ---------------------------------------------------------------
RUN-1001 :        Parameters        |  Settings  |  Default Values  |  Note  
RUN-1001 : ---------------------------------------------------------------
RUN-1001 :          message         |  standard  |     standard     |        
RUN-1001 :   mixed_pack_place_flow  |     on     |        on        |        
RUN-1001 :        qor_monitor       |    off     |       off        |        
RUN-1001 :        syn_ip_flow       |    off     |       off        |        
RUN-1001 :          thread          |    auto    |       auto       |        
RUN-1001 : ---------------------------------------------------------------
RUN-1001 : Print Place Property
RUN-1001 : --------------------------------------------------------------
RUN-1001 :        Parameters       |  Settings  |  Default Values  |  Note  
RUN-1001 : --------------------------------------------------------------
RUN-1001 :      detailed_place     |     on     |        on        |        
RUN-1001 :          effort         |   medium   |      medium      |        
RUN-1001 :         fix_hold        |    off     |       off        |        
RUN-1001 :       legalization      |    ori     |       ori        |        
RUN-1001 :      new_spreading      |     on     |        on        |        
RUN-1001 :        opt_timing       |   medium   |      medium      |        
RUN-1001 :   post_clock_route_opt  |    off     |       off        |        
RUN-1001 :       pr_strategy       |     1      |        1         |        
RUN-1001 :        relaxation       |    1.00    |       1.00       |        
RUN-1001 :         retiming        |    off     |       off        |        
RUN-1001 : --------------------------------------------------------------
PHY-3001 : Placer runs in 16 thread(s).
RUN-1002 : start command "legalize_phy_inst"
SYN-1011 : Flatten model hdmi_colorbar
RUN-1002 : start command "phys_opt -simplify_lut"
SYN-4016 : Net hdmi_out_clk_dup_1 driven by BUFG (31 clock/control pins, 2 other pins).
SYN-4019 : Net sys_clk_dup_1 is refclk of pll U_pll_clk/pll_inst.
SYN-4020 : Net sys_clk_dup_1 is fbclk of pll U_pll_clk/pll_inst.
SYN-4025 : Tag rtl::Net hdmi_out_clk_dup_1 as clock net
SYN-4025 : Tag rtl::Net sys_clk_dup_1 as clock net
SYN-4026 : Tagged 2 rtl::Net as clock net
PHY-1001 : Populate physical database on model hdmi_colorbar.
RUN-1001 : There are total 230 instances
RUN-0007 : 62 luts, 31 seqs, 89 mslices, 12 lslices, 31 pads, 0 brams, 0 dsps
RUN-1001 : There are total 259 nets
RUN-1001 : 191 nets have 2 pins
RUN-1001 : 22 nets have [3 - 5] pins
RUN-1001 : 35 nets have [6 - 10] pins
RUN-1001 : 7 nets have [11 - 20] pins
RUN-1001 : 2 nets have [21 - 99] pins
RUN-1001 : 2 nets have 100+ pins
RUN-1001 : Report Control nets information:
RUN-1001 : DFF Distribution
RUN-1001 : ----------------------------------
RUN-1001 :   CE   |  SSR  |  ASR  |  DFF Count  
RUN-1001 : ----------------------------------
RUN-1001 :   No   |  No   |  No   |      0      
RUN-1001 :   No   |  No   |  Yes  |     31      
RUN-1001 :   No   |  Yes  |  No   |      0      
RUN-1001 :   Yes  |  No   |  No   |      0      
RUN-1001 :   Yes  |  No   |  Yes  |      0      
RUN-1001 :   Yes  |  Yes  |  No   |      0      
RUN-1001 : ----------------------------------
RUN-0007 : Control Group Statistic
RUN-0007 : ---------------------------
RUN-0007 :   #CLK  |  #CE  |  #SSR/ASR  
RUN-0007 : ---------------------------
RUN-0007 :    1    |   1   |     2      
RUN-0007 : ---------------------------
RUN-0007 : Control Set = 1
PHY-3001 : Initial placement ...
PHY-3001 : design contains 228 instances, 62 luts, 31 seqs, 101 slices, 21 macros(101 instances: 89 mslices 12 lslices)
PHY-0007 : Cell area utilization is 1%
PHY-3001 : Global placement ...
PHY-3001 : Initial: Len = 57994.8
PHY-3001 : Clustering ...
PHY-3001 : Level 0 #clusters 228.
PHY-3001 : End clustering;  0.000016s wall, 0.000000s user + 0.000000s system = 0.000000s CPU (n/a%)

PHY-3001 : Run with size of 4
PHY-3001 : Cell area utilization is 1%
PHY-3001 : :::0::: Try harder cell spreading with beta_ = 0
PHY-3002 : Step(1): len = 37650, overlap = 0
PHY-3002 : Step(2): len = 30884.1, overlap = 0
PHY-3002 : Step(3): len = 21459, overlap = 0
PHY-3002 : Step(4): len = 17129.9, overlap = 0
PHY-3002 : Step(5): len = 13768.5, overlap = 0
PHY-3002 : Step(6): len = 11976.2, overlap = 0
PHY-3002 : Step(7): len = 10134.8, overlap = 0
PHY-3002 : Step(8): len = 9365, overlap = 0
PHY-3002 : Step(9): len = 8498.2, overlap = 0.75
PHY-3002 : Step(10): len = 7882.8, overlap = 4
PHY-3002 : Step(11): len = 7372.9, overlap = 5.1875
PHY-3002 : Step(12): len = 7411.8, overlap = 4.375
PHY-3002 : Step(13): len = 7244.9, overlap = 3.5625
PHY-3002 : Step(14): len = 7072.1, overlap = 3.6875
PHY-3002 : Step(15): len = 6637.2, overlap = 0.5
PHY-3002 : Step(16): len = 6622.3, overlap = 1
PHY-3002 : Step(17): len = 6451, overlap = 2.5
PHY-3002 : Step(18): len = 6231.9, overlap = 2.25
PHY-3002 : Step(19): len = 6043.9, overlap = 0
PHY-3002 : Step(20): len = 5911.8, overlap = 6
PHY-3002 : Step(21): len = 5932.8, overlap = 7.5
PHY-3002 : Step(22): len = 5528.2, overlap = 8.9375
PHY-3002 : Step(23): len = 5561.2, overlap = 9.125
PHY-3002 : Step(24): len = 5561.2, overlap = 9.125
PHY-3001 : Legalization ...
PHY-3001 : End legalization;  0.003154s wall, 0.000000s user + 0.000000s system = 0.000000s CPU (n/a%)

PHY-3001 : Run with size of 4
PHY-3001 : Cell area utilization is 1%
PHY-3001 : :::0::: Try harder cell spreading with beta_ = 1.33869e-05
PHY-3002 : Step(25): len = 5407.4, overlap = 18.4688
PHY-3002 : Step(26): len = 5407.4, overlap = 18.4688
PHY-3002 : Step(27): len = 5359, overlap = 18.4688
PHY-3001 : :::1::: Try harder cell spreading with beta_ = 2.67738e-05
PHY-3002 : Step(28): len = 5571.6, overlap = 13.2188
PHY-3002 : Step(29): len = 5571.6, overlap = 13.2188
PHY-3002 : Step(30): len = 5468.8, overlap = 11.4062
PHY-3002 : Step(31): len = 5468.8, overlap = 11.4062
PHY-3002 : Step(32): len = 5517.9, overlap = 10
PHY-3001 : :::2::: Try harder cell spreading with beta_ = 5.35476e-05
PHY-3002 : Step(33): len = 5659.5, overlap = 9.1875
PHY-3002 : Step(34): len = 5659.5, overlap = 9.1875
PHY-3002 : Step(35): len = 5585.5, overlap = 8.40625
PHY-3001 : Run with size of 2
PHY-3001 : Cell area utilization is 1%
PHY-3001 : :::0::: Try harder cell spreading with beta_ = 7.45052e-06
PHY-3002 : Step(36): len = 5686.8, overlap = 25.625
PHY-3002 : Step(37): len = 5686.8, overlap = 25.625
PHY-3002 : Step(38): len = 5655.1, overlap = 22.0312
PHY-3002 : Step(39): len = 5655.1, overlap = 22.0312
PHY-3002 : Step(40): len = 5674.2, overlap = 21.6875
PHY-3001 : :::1::: Try harder cell spreading with beta_ = 1.4901e-05
PHY-3002 : Step(41): len = 6069.7, overlap = 19.9062
PHY-3002 : Step(42): len = 6069.7, overlap = 19.9062
PHY-3002 : Step(43): len = 5969.2, overlap = 18.875
PHY-3002 : Step(44): len = 5969.2, overlap = 18.875
PHY-3002 : Step(45): len = 5958.7, overlap = 19.1875
PHY-3001 : :::2::: Try harder cell spreading with beta_ = 2.98021e-05
PHY-3002 : Step(46): len = 6130, overlap = 14.75
PHY-3002 : Step(47): len = 6130, overlap = 14.75
PHY-3002 : Step(48): len = 6091.9, overlap = 16.4062
PHY-3001 : :::3::: Try harder cell spreading with beta_ = 5.96042e-05
PHY-3002 : Step(49): len = 6226.5, overlap = 14.4375
PHY-3002 : Step(50): len = 6226.5, overlap = 14.4375
PHY-3002 : Step(51): len = 6162.7, overlap = 15.0625
PHY-3002 : Step(52): len = 6156.5, overlap = 9.9375
PHY-3002 : Step(53): len = 6172.3, overlap = 10.3438
OPT-1001 : Start physical optimization ...
OPT-1001 : Total overflow 27.94 peak overflow 3.19
OPT-1001 : Start high-fanout net optimization ...
OPT-1001 : Update timing in global mode
PHY-1001 : Start incremental global routing, caller is place ...
RUN-1001 : Generating global routing grids ...
RUN-1001 : Building simple global routing graph ...
PHY-1001 : Generate routing nets ...
PHY-1001 : Reuse net number 0/259.
PHY-1001 : Global iterations in 16 thread ...
PHY-1002 : len = 7008, over cnt = 17(0%), over = 41, worst = 5
PHY-1001 : End global iterations;  0.014926s wall, 0.031250s user + 0.046875s system = 0.078125s CPU (523.4%)

PHY-1001 : Congestion index: top1 = 10.78, top5 = 3.81, top10 = 1.98, top15 = 1.32.
PHY-1001 : End incremental global routing;  0.066628s wall, 0.078125s user + 0.046875s system = 0.125000s CPU (187.6%)

RUN-1002 : start command "start_timer -report"
TMR-5001 WARNING: No sdc constraints found while initiating timer.
TMR-2505 : Start building timing graph for model hdmi_colorbar.
TMR-2506 : Build timing graph completely. Port num: 8, tpin num: 873, tnet num: 257, tinst num: 228, tnode num: 966, tedge num: 1299.
TMR-2508 : Levelizing timing graph completed, there are 35 levels in total.
TMR-2501 : Timing graph initialized successfully.
OPT-1001 : End timing update;  0.161246s wall, 0.171875s user + 0.000000s system = 0.171875s CPU (106.6%)

OPT-1001 : 0 high-fanout net processed.
OPT-1001 : End high-fanout net optimization;  0.229944s wall, 0.250000s user + 0.046875s system = 0.296875s CPU (129.1%)

OPT-1001 : Current memory(MB): used = 141, reserve = 111, peak = 141.
OPT-1001 : End physical optimization;  0.232811s wall, 0.250000s user + 0.046875s system = 0.296875s CPU (127.5%)

PHY-3001 : Start packing ...
SYN-4007 : Packing 0 MUX to BLE ...
SYN-4008 : Packed 0 MUX and 0 SEQ to BLE.
SYN-4007 : Packing 62 LUT to BLE ...
SYN-4008 : Packed 62 LUT and 24 SEQ to BLE.
SYN-4003 : Packing 7 remaining SEQ's ...
SYN-4005 : Packed 7 SEQ with LUT/SLICE
SYN-4006 : 35 single LUT's are left
SYN-4006 : 0 single SEQ's are left
SYN-4011 : Packing model "hdmi_colorbar" (AL_USER_NORMAL) with 62/199 primitive instances ...
PHY-3001 : End packing;  0.003467s wall, 0.000000s user + 0.000000s system = 0.000000s CPU (n/a%)

PHY-1001 : Populate physical database on model hdmi_colorbar.
RUN-1001 : There are total 173 instances
RUN-1001 : 89 mslices, 48 lslices, 31 pads, 0 brams, 0 dsps
RUN-1001 : There are total 235 nets
RUN-1001 : 167 nets have 2 pins
RUN-1001 : 22 nets have [3 - 5] pins
RUN-1001 : 35 nets have [6 - 10] pins
RUN-1001 : 9 nets have [11 - 20] pins
RUN-1001 : 2 nets have 100+ pins
PHY-3001 : design contains 171 instances, 137 slices, 21 macros(101 instances: 89 mslices 12 lslices)
PHY-3001 : Cell area utilization is 1%
PHY-3001 : After packing: Len = 6152, Over = 9
PHY-3001 : Run with size of 2
PHY-3001 : Cell area utilization is 1%
PHY-3001 : :::0::: Try harder cell spreading with beta_ = 7.04299e-05
PHY-3002 : Step(54): len = 6159.4, overlap = 10
PHY-3002 : Step(55): len = 6159.4, overlap = 10
PHY-3002 : Step(56): len = 6109.1, overlap = 9.5
PHY-3001 : :::1::: Try harder cell spreading with beta_ = 0.00014086
PHY-3002 : Step(57): len = 6178.3, overlap = 9.5
PHY-3002 : Step(58): len = 6178.3, overlap = 9.5
PHY-3002 : Step(59): len = 6187.8, overlap = 10.5
PHY-3001 : :::2::: Try harder cell spreading with beta_ = 0.00028172
PHY-3002 : Step(60): len = 6254.1, overlap = 10.25
PHY-3002 : Step(61): len = 6282.2, overlap = 10
PHY-3002 : Step(62): len = 6282.2, overlap = 10
PHY-3001 : Legalization ...
PHY-3001 : End legalization;  0.022671s wall, 0.015625s user + 0.031250s system = 0.046875s CPU (206.8%)

PHY-3001 : Trial Legalized: Len = 8207
PHY-3001 : Run with size of 2
PHY-3001 : Cell area utilization is 1%
PHY-3001 : :::0::: Try harder cell spreading with beta_ = 0
PHY-3002 : Step(63): len = 7191.1, overlap = 0.25
PHY-3002 : Step(64): len = 7062.3, overlap = 1
PHY-3002 : Step(65): len = 7032.1, overlap = 1.25
PHY-3002 : Step(66): len = 6954.9, overlap = 1.25
PHY-3002 : Step(67): len = 6932.3, overlap = 1
PHY-3002 : Step(68): len = 6932.3, overlap = 1
PHY-3002 : Step(69): len = 6921.9, overlap = 1
PHY-3002 : Step(70): len = 6921.9, overlap = 1
PHY-3002 : Step(71): len = 6917.6, overlap = 1.25
PHY-3001 : Legalization ...
PHY-3001 : End legalization;  0.004052s wall, 0.000000s user + 0.000000s system = 0.000000s CPU (n/a%)

PHY-3001 : Legalized: Len = 7383, Over = 0
PHY-3001 : End spreading;  0.002338s wall, 0.000000s user + 0.000000s system = 0.000000s CPU (n/a%)

PHY-3001 : Final: Len = 7383, Over = 0
OPT-1001 : Start physical optimization ...
OPT-1001 : Total overflow 0.00 peak overflow 0.00
OPT-1001 : Start high-fanout net optimization ...
OPT-1001 : Update timing in global mode
PHY-1001 : Start incremental global routing, caller is place ...
RUN-1001 : Generating global routing grids ...
PHY-1001 : Generate routing nets ...
PHY-1001 : Reuse net number 13/235.
PHY-1001 : Global iterations in 16 thread ...
PHY-1002 : len = 8976, over cnt = 10(0%), over = 12, worst = 2
PHY-1002 : len = 9008, over cnt = 3(0%), over = 3, worst = 1
PHY-1002 : len = 9056, over cnt = 0(0%), over = 0, worst = 0
PHY-1001 : End global iterations;  0.025581s wall, 0.046875s user + 0.046875s system = 0.093750s CPU (366.5%)

PHY-1001 : Congestion index: top1 = 13.02, top5 = 4.91, top10 = 2.66, top15 = 1.78.
PHY-1001 : End incremental global routing;  0.071156s wall, 0.078125s user + 0.046875s system = 0.125000s CPU (175.7%)

RUN-1002 : start command "start_timer -report"
TMR-5001 WARNING: No sdc constraints found while initiating timer.
TMR-2505 : Start building timing graph for model hdmi_colorbar.
TMR-2506 : Build timing graph completely. Port num: 8, tpin num: 797, tnet num: 233, tinst num: 171, tnode num: 862, tedge num: 1209.
TMR-2508 : Levelizing timing graph completed, there are 33 levels in total.
TMR-2501 : Timing graph initialized successfully.
OPT-1001 : End timing update;  0.135091s wall, 0.140625s user + 0.000000s system = 0.140625s CPU (104.1%)

OPT-1001 : 0 high-fanout net processed.
OPT-1001 : End high-fanout net optimization;  0.208406s wall, 0.218750s user + 0.046875s system = 0.265625s CPU (127.5%)

OPT-1001 : Current memory(MB): used = 142, reserve = 112, peak = 142.
OPT-1001 : Update timing in Manhattan mode
OPT-1001 : End timing update;  0.000123s wall, 0.000000s user + 0.000000s system = 0.000000s CPU (n/a%)

OPT-1001 : Start pin optimization...
OPT-1001 : skip pin optimization...
RUN-1001 : Generating global routing grids ...
PHY-1001 : Generate routing nets ...
PHY-1001 : Reuse net number 149/235.
PHY-1001 : Global iterations in 16 thread ...
PHY-1002 : len = 9056, over cnt = 0(0%), over = 0, worst = 0
PHY-1001 : End global iterations;  0.001596s wall, 0.000000s user + 0.000000s system = 0.000000s CPU (n/a%)

PHY-1001 : Congestion index: top1 = 13.02, top5 = 4.91, top10 = 2.66, top15 = 1.78.
OPT-1001 : Update timing in Manhattan mode
OPT-1001 : End timing update;  0.000296s wall, 0.000000s user + 0.000000s system = 0.000000s CPU (n/a%)

RUN-1001 : QoR Analysis:
OPT-0007 :   WNS 2147483647 TNS 0 NUM_FEPS 0
RUN-1001 :   No local congestion issue, and most congested 1% tile average routing util is 12.655172
RUN-1001 :   Top critical paths
OPT-1001 : End physical optimization;  0.256767s wall, 0.265625s user + 0.046875s system = 0.312500s CPU (121.7%)

RUN-1003 : finish command "place" in  1.836310s wall, 2.640625s user + 2.078125s system = 4.718750s CPU (257.0%)

RUN-1004 : used memory is 130 MB, reserved memory is 100 MB, peak memory is 142 MB
RUN-1002 : start command "export_db SD_SDRAM_VGA_place.db"
RUN-1001 : Exported /
RUN-1001 : Exported flow parameters
RUN-1001 : Exported libs
RUN-1001 : Exported entities
RUN-1001 : Exported ports
RUN-1001 : Exported pins
RUN-1001 : Exported instances
RUN-1001 : Exported nets
RUN-1001 : Exported buses
RUN-1001 : Exported models
RUN-1001 : Exported congestions
RUN-1001 : Exported violations
RUN-1001 : Exported IO constraints
RUN-1001 : Exported Inst constraints
RUN-1002 : start command "route"
RUN-1001 : Open license file E:/SoftWare/FPGA/Anlogic/license/Anlogic.lic
RUN-1001 : Print Global Property
RUN-1001 : ---------------------------------------------------------------
RUN-1001 :        Parameters        |  Settings  |  Default Values  |  Note  
RUN-1001 : ---------------------------------------------------------------
RUN-1001 :          message         |  standard  |     standard     |        
RUN-1001 :   mixed_pack_place_flow  |     on     |        on        |        
RUN-1001 :        qor_monitor       |    off     |       off        |        
RUN-1001 :        syn_ip_flow       |    off     |       off        |        
RUN-1001 :          thread          |    auto    |       auto       |        
RUN-1001 : ---------------------------------------------------------------
RUN-1001 : Print Route Property
RUN-1001 : -------------------------------------------------------
RUN-1001 :    Parameters    |  Settings  |  Default Values  |  Note  
RUN-1001 : -------------------------------------------------------
RUN-1001 :      effort      |   medium   |      medium      |        
RUN-1001 :     fix_hold     |    off     |       off        |        
RUN-1001 :    opt_timing    |   medium   |      medium      |        
RUN-1001 :   phy_sim_model  |    off     |       off        |        
RUN-1001 :     priority     |   timing   |      timing      |        
RUN-1001 :     swap_pin     |     on     |        on        |        
RUN-1001 : -------------------------------------------------------
PHY-1001 : Route runs in 16 thread(s)
RUN-1001 : There are total 173 instances
RUN-1001 : 89 mslices, 48 lslices, 31 pads, 0 brams, 0 dsps
RUN-1001 : There are total 235 nets
RUN-1001 : 167 nets have 2 pins
RUN-1001 : 22 nets have [3 - 5] pins
RUN-1001 : 35 nets have [6 - 10] pins
RUN-1001 : 9 nets have [11 - 20] pins
RUN-1001 : 2 nets have 100+ pins
RUN-1002 : start command "start_timer -report"
TMR-5001 WARNING: No sdc constraints found while initiating timer.
TMR-2505 : Start building timing graph for model hdmi_colorbar.
TMR-2506 : Build timing graph completely. Port num: 8, tpin num: 797, tnet num: 233, tinst num: 171, tnode num: 862, tedge num: 1209.
TMR-2508 : Levelizing timing graph completed, there are 33 levels in total.
TMR-2501 : Timing graph initialized successfully.
PHY-1001 : 89 mslices, 48 lslices, 31 pads, 0 brams, 0 dsps
TMR-2503 : Start to update net delay, extr mode = 3.
TMR-2504 : Update delay of 233 nets completely.
TMR-2502 : Annotate delay completely, extr mode = 3.
TMR-3002 : No user constraint, initiate default constraint.
TMR-1501 : Assign derive clock DeriveClock to 34 clock pins, and constraint 65 relative nodes.
TMR-3003 : Constraints initiated successfully.
TMR-3501 : Forward propagation: start to calculate arrival time...
TMR-3502 : Backward propagation: start to calculate required time...
TMR-3503 : Timing propagation completes.
PHY-1001 : Start global routing, caller is route ...
RUN-1001 : Generating global routing grids ...
PHY-1001 : Generate routing nets ...
PHY-1001 : Global iterations in 16 thread ...
PHY-1002 : len = 8928, over cnt = 10(0%), over = 12, worst = 2
PHY-1002 : len = 8960, over cnt = 3(0%), over = 3, worst = 1
PHY-1002 : len = 9008, over cnt = 0(0%), over = 0, worst = 0
PHY-1001 : End global iterations;  0.025290s wall, 0.015625s user + 0.015625s system = 0.031250s CPU (123.6%)

PHY-1001 : Congestion index: top1 = 13.02, top5 = 4.89, top10 = 2.64, top15 = 1.76.
PHY-1001 : End global routing;  0.070116s wall, 0.078125s user + 0.015625s system = 0.093750s CPU (133.7%)

PHY-1001 : Start detail routing ...
PHY-1001 : Current memory(MB): used = 165, reserve = 135, peak = 178.
PHY-1001 : Detailed router is running in normal mode.
PHY-1001 : Generate detailed routing grids ...
PHY-1001 : Generate nets ...
PHY-1001 : clock net hdmi_out_clk_dup_1 will be merged with clock U_pll_clk/clk0_buf
PHY-1001 : net sys_clk_dup_1 will be routed on clock mesh
PHY-1001 : Current memory(MB): used = 431, reserve = 407, peak = 431.
PHY-1001 : End build detailed router design. 3.028433s wall, 2.984375s user + 0.046875s system = 3.031250s CPU (100.1%)

PHY-1001 : Detail Route ...
PHY-1001 : ===== Detail Route Phase 1 =====
PHY-1001 : Clock net routing.....
PHY-1001 : Routed 0% nets.
PHY-1022 : len = 3432, over cnt = 0(0%), over = 0, worst = 0, crit = 0
PHY-1001 : End initial clock net routed; 0.307371s wall, 0.312500s user + 0.000000s system = 0.312500s CPU (101.7%)

PHY-1001 : Current memory(MB): used = 463, reserve = 440, peak = 463.
PHY-1001 : End phase 1; 0.312156s wall, 0.312500s user + 0.000000s system = 0.312500s CPU (100.1%)

PHY-1001 : ===== Detail Route Phase 2 =====
PHY-1001 : Initial routing.....
PHY-1001 : Routed 18% nets.
PHY-1001 : Routed 21% nets.
PHY-1001 : Routed 24% nets.
PHY-1001 : Routed 38% nets.
PHY-1001 : Routed 51% nets.
PHY-1022 : len = 22560, over cnt = 0(0%), over = 0, worst = 0, crit = 0
PHY-1001 : Current memory(MB): used = 463, reserve = 441, peak = 463.
PHY-1001 : End initial routed; 0.449115s wall, 0.453125s user + 0.046875s system = 0.500000s CPU (111.3%)

PHY-1001 : Current memory(MB): used = 463, reserve = 441, peak = 463.
PHY-1001 : End phase 2; 0.449164s wall, 0.453125s user + 0.046875s system = 0.500000s CPU (111.3%)

PHY-1001 : ===== Detail Route Phase 3 =====
PHY-1001 : Commit to database.....
PHY-1001 : 0 feed throughs used by 0 nets
PHY-1001 : End commit to database; 0.022164s wall, 0.015625s user + 0.000000s system = 0.015625s CPU (70.5%)

PHY-1001 : Current memory(MB): used = 470, reserve = 446, peak = 470.
PHY-1001 : End phase 3; 0.022268s wall, 0.015625s user + 0.000000s system = 0.015625s CPU (70.2%)

PHY-1003 : Routed, final wirelength = 22560
PHY-1001 : Current memory(MB): used = 470, reserve = 446, peak = 470.
PHY-1001 : End export database. 0.005552s wall, 0.000000s user + 0.000000s system = 0.000000s CPU (n/a%)

PHY-1001 : End detail routing;  4.010058s wall, 3.953125s user + 0.093750s system = 4.046875s CPU (100.9%)

RUN-1003 : finish command "route" in  4.274341s wall, 4.234375s user + 0.109375s system = 4.343750s CPU (101.6%)

RUN-1004 : used memory is 413 MB, reserved memory is 388 MB, peak memory is 470 MB
RUN-1002 : start command "report_area -io_info -file SD_SDRAM_VGA_phy.area"
RUN-1001 : standard
***Report Model: hdmi_colorbar Device: EG4S20BG256***

IO Statistics
#IO                        31
  #input                    2
  #output                  29
  #inout                    0

Utilization Statistics
#lut                      264   out of  19600    1.35%
#reg                       31   out of  19600    0.16%
#le                       264
  #lut only               233   out of    264   88.26%
  #reg only                 0   out of    264    0.00%
  #lut&reg                 31   out of    264   11.74%
#dsp                        0   out of     29    0.00%
#bram                       0   out of     64    0.00%
  #bram9k                   0
  #fifo9k                   0
#bram32k                    0   out of     16    0.00%
#pad                       31   out of    188   16.49%
  #ireg                     0
  #oreg                     0
  #treg                     0
#pll                        1   out of      4   25.00%
#gclk                       1   out of     16    6.25%

Clock Resource Statistics
Index     ClockNet              Type               DriverType         Driver                      Fanout
#1        U_pll_clk/clk0_buf    GCLK               pll                U_pll_clk/pll_inst.clkc0    17
#2        sys_clk_dup_1         GeneralRouting     io                 sys_clk_syn_2.di            1


Detailed IO Report

        Name          Direction    Location    IOStandard    DriveStrength    PullType    PackReg  
      sys_clk           INPUT        K14        LVCMOS33          N/A          PULLUP      NONE    
     sys_rst_n          INPUT         T4        LVCMOS33          N/A          PULLUP      NONE    
    hdmi_out_clk       OUTPUT         H2        LVCMOS33           8            NONE       NONE    
    hdmi_out_de        OUTPUT        H16        LVCMOS33           8            N/A        NONE    
   hdmi_out_hsync      OUTPUT         J3        LVCMOS33           8            NONE       NONE    
  hdmi_out_rgb[23]     OUTPUT         K6        LVCMOS33           8            NONE       NONE    
  hdmi_out_rgb[22]     OUTPUT         K3        LVCMOS33           8            NONE       NONE    
  hdmi_out_rgb[21]     OUTPUT         K5        LVCMOS33           8            NONE       NONE    
  hdmi_out_rgb[20]     OUTPUT         L4        LVCMOS33           8            NONE       NONE    
  hdmi_out_rgb[19]     OUTPUT         M1        LVCMOS33           8            NONE       NONE    
  hdmi_out_rgb[18]     OUTPUT         M2        LVCMOS33           8            NONE       NONE    
  hdmi_out_rgb[17]     OUTPUT         L3        LVCMOS33           8            NONE       NONE    
  hdmi_out_rgb[16]     OUTPUT         L5        LVCMOS33           8            NONE       NONE    
  hdmi_out_rgb[15]     OUTPUT         H5        LVCMOS33           8            NONE       NONE    
  hdmi_out_rgb[14]     OUTPUT         H1        LVCMOS33           8            NONE       NONE    
  hdmi_out_rgb[13]     OUTPUT         J6        LVCMOS33           8            NONE       NONE    
  hdmi_out_rgb[12]     OUTPUT         H3        LVCMOS33           8            NONE       NONE    
  hdmi_out_rgb[11]     OUTPUT         J1        LVCMOS33           8            NONE       NONE    
  hdmi_out_rgb[10]     OUTPUT         K1        LVCMOS33           8            NONE       NONE    
  hdmi_out_rgb[9]      OUTPUT         K2        LVCMOS33           8            NONE       NONE    
  hdmi_out_rgb[8]      OUTPUT         L1        LVCMOS33           8            NONE       NONE    
  hdmi_out_rgb[7]      OUTPUT         C1        LVCMOS33           8            NONE       NONE    
  hdmi_out_rgb[6]      OUTPUT         D1        LVCMOS33           8            NONE       NONE    
  hdmi_out_rgb[5]      OUTPUT         E2        LVCMOS33           8            NONE       NONE    
  hdmi_out_rgb[4]      OUTPUT         G3        LVCMOS33           8            NONE       NONE    
  hdmi_out_rgb[3]      OUTPUT         E1        LVCMOS33           8            NONE       NONE    
  hdmi_out_rgb[2]      OUTPUT         F2        LVCMOS33           8            NONE       NONE    
  hdmi_out_rgb[1]      OUTPUT         F1        LVCMOS33           8            NONE       NONE    
  hdmi_out_rgb[0]      OUTPUT         G1        LVCMOS33           8            NONE       NONE    
   hdmi_out_rst_n      OUTPUT        E16        LVCMOS25           8            N/A        NONE    
   hdmi_out_vsync      OUTPUT         J4        LVCMOS33           8            NONE       NONE    

Report Hierarchy Area:
+------------------------------------------------------------------------------------+
|Instance        |Module        |le     |lut     |ripple  |seq     |bram    |dsp     |
+------------------------------------------------------------------------------------+
|top             |hdmi_colorbar |264    |163     |101     |31      |0       |0       |
|  U_pll_clk     |pll_clk       |2      |2       |0       |0       |0       |0       |
|  vga_ctrl_inst |vga_ctrl      |145    |84      |61      |24      |0       |0       |
|  vga_pic_inst  |vga_pic       |109    |69      |40      |7       |0       |0       |
+------------------------------------------------------------------------------------+


DataNet Average Fanout:

   Index     Fanout    Nets  
    #1         1       135   
    #2         2        10   
    #3         3        7    
    #4         4        5    
    #5        5-10      40   
    #6       11-50      3    
  Average     2.57           

RUN-1002 : start command "export_db SD_SDRAM_VGA_pr.db"
RUN-1001 : Exported /
RUN-1001 : Exported flow parameters
RUN-1001 : Exported libs
RUN-1001 : Exported entities
RUN-1001 : Exported ports
RUN-1001 : Exported pins
RUN-1001 : Exported instances
RUN-1001 : Exported nets
RUN-1001 : Exported buses
RUN-1001 : Exported models
RUN-1001 : Exported congestions
RUN-1001 : Exported violations
RUN-1001 : Exported IO constraints
RUN-1001 : Exported Inst constraints
RUN-1002 : start command "export_bid SD_SDRAM_VGA_inst.bid"
RUN-1002 : start command "bitgen -bit SD_SDRAM_VGA.bit"
BIT-1003 : Start to generate bitstream. 
BIT-1002 : Init instances with 16 threads.
BIT-1002 : Init instances completely, inst num: 171
BIT-1002 : Init pips with 16 threads.
BIT-1002 : Init pips completely, net num: 235, pip num: 1727
BIT-1003 : Multithreading accelaration with 16 threads.
BIT-1003 : Generate bitstream completely, there are 415 valid insts, and 6378 bits set as '1'.
BIT-1004 : PLL setting string = 0001
BIT-1004 : Generate bits file SD_SDRAM_VGA.bit.
RUN-1002 : start command "backup_run_log run.log ../.logs/phy_1/td_20230519_033704.log"
