============================================================
   Tang Dynasty, V5.6.71036
      Copyright (c) 2012-2023 Anlogic Inc.
   Executable = E:/SoftWare/FPGA/Anlogic/bin/td.exe
   Built at =   20:34:38 Mar 21 2023
   Run by =     Maxwiny
   Run Date =   Fri May 19 04:15:10 2023

   Run on =     MAXWINY-FA506QR
============================================================
RUN-1002 : start command "open_project SD_SDRAM_VGA.prj"
RUN-1001 : Print Global Property
RUN-1001 : ---------------------------------------------------------------
RUN-1001 :        Parameters        |  Settings  |  Default Values  |  Note  
RUN-1001 : ---------------------------------------------------------------
RUN-1001 :          message         |  standard  |     standard     |        
RUN-1001 :   mixed_pack_place_flow  |     on     |        on        |        
RUN-1001 :        qor_monitor       |    off     |       off        |        
RUN-1001 :        syn_ip_flow       |    off     |       off        |        
RUN-1001 :          thread          |    auto    |       auto       |        
RUN-1001 : ---------------------------------------------------------------
RUN-1001 : Print Design Property
RUN-1001 : --------------------------------------------------------------
RUN-1001 :        Parameters       |  Settings  |  Default Values  |  Note  
RUN-1001 : --------------------------------------------------------------
RUN-1001 :   default_reg_initial   |    auto    |       auto       |        
RUN-1001 :        infer_add        |     on     |        on        |        
RUN-1001 :        infer_fsm        |    off     |       off        |        
RUN-1001 :        infer_mult       |     on     |        on        |        
RUN-1001 :        infer_ram        |     on     |        on        |        
RUN-1001 :        infer_reg        |     on     |        on        |        
RUN-1001 :   infer_reg_init_value  |     on     |        on        |        
RUN-1001 :        infer_rom        |     on     |        on        |        
RUN-1001 :      infer_shifter      |     on     |        on        |        
RUN-1001 : --------------------------------------------------------------
RUN-1001 : Print Rtl Property
RUN-1001 : --------------------------------------------------------------
RUN-1001 :        Parameters       |  Settings  |  Default Values  |  Note  
RUN-1001 : --------------------------------------------------------------
RUN-1001 :       compress_add      |   ripple   |      ripple      |        
RUN-1001 :        elf_sload        |    off     |       off        |        
RUN-1001 :       fix_undriven      |     0      |        0         |        
RUN-1001 :         flatten         |    off     |       off        |        
RUN-1001 :       gate_sharing      |     on     |        on        |        
RUN-1001 :    hdl_warning_level    |   normal   |      normal      |        
RUN-1001 :   impl_internal_tribuf  |     on     |        on        |        
RUN-1001 :      impl_set_reset     |     on     |        on        |        
RUN-1001 :        infer_gsr        |    off     |       off        |        
RUN-1001 :      keep_hierarchy     |    auto    |       auto       |        
RUN-1001 :        max_fanout       |    9999    |       9999       |        
RUN-1001 :      max_oh2bin_len     |     10     |        10        |        
RUN-1001 :       merge_equal       |     on     |        on        |        
RUN-1001 :       merge_equiv       |     on     |        on        |        
RUN-1001 :        merge_mux        |    off     |       off        |        
RUN-1001 :     min_control_set     |     8      |        8         |        
RUN-1001 :      min_ripple_len     |    auto    |       auto       |        
RUN-1001 :       oh2bin_ratio      |    0.08    |       0.08       |        
RUN-1001 :     opt_adder_fanout    |     on     |        on        |        
RUN-1001 :        opt_arith        |     on     |        on        |        
RUN-1001 :       opt_big_gate      |    off     |       off        |        
RUN-1001 :        opt_const        |     on     |        on        |        
RUN-1001 :      opt_const_mult     |     on     |        on        |        
RUN-1001 :       opt_lessthan      |     on     |        on        |        
RUN-1001 :         opt_mux         |    off     |       off        |        
RUN-1001 :         opt_ram         |    high    |       high       |        
RUN-1001 :      rtl_sim_model      |    off     |       off        |        
RUN-1001 :         seq_syn         |     on     |        on        |        
RUN-1001 : --------------------------------------------------------------
HDL-1007 : analyze verilog file ../../al_ip/pll_clk.v
HDL-1007 : undeclared symbol 'open', assumed default net type 'wire' in ../../al_ip/pll_clk.v(85)
HDL-1007 : analyze verilog file ../../rtl/hdmi_colorbar.v
HDL-1007 : undeclared symbol 'clk_50m', assumed default net type 'wire' in ../../rtl/hdmi_colorbar.v(56)
HDL-1007 : undeclared symbol 'clk_50m_shift', assumed default net type 'wire' in ../../rtl/hdmi_colorbar.v(57)
HDL-1007 : analyze verilog file ../../rtl/vga_ctrl.v
HDL-1007 : analyze verilog file ../../rtl/vga_pic.v
HDL-1007 : analyze verilog file ../../rtl/SD/sd_ctrl.v
HDL-1007 : analyze verilog file ../../rtl/SD/sd_init.v
HDL-1007 : analyze verilog file ../../rtl/SD/sd_read.v
HDL-1007 : analyze verilog file ../../rtl/SD/sd_write.v
RUN-1001 : Project manager successfully analyzed 8 source files.
RUN-1002 : start command "import_device eagle_s20.db -package EG4S20BG256"
ARC-1001 : Device Initialization.
ARC-1001 : ------------------------------------------------------------------
ARC-1001 :            OPTION            |          IO          |   SETTING   
ARC-1001 : ------------------------------------------------------------------
ARC-1001 :   cso_b/cclk/mosi/miso/dout  |  T3/R11/T10/P10/S11  |    gpio    
ARC-1001 :             done             |         P13          |    gpio    
ARC-1001 :           program_b          |          T2          |  dedicate  
ARC-1001 :        tdi/tms/tck/tdo       |   C12/A15/C14/E14    |  dedicate  
ARC-1001 : ------------------------------------------------------------------
ARC-1004 : Device setting, marked 5 dedicate IOs in total.
RUN-1002 : start command "import_db ../syn_1/SD_SDRAM_VGA_gate.db"
RUN-1001 : Importing database generated by Tang Dynasty, V5.6.71036.
RUN-1001 : Database version number 46146.
RUN-1001 : Import flow parameters
RUN-1001 : Import IO constraints
RUN-1001 : Import Inst constraints
RUN-1001 : Import design success TD_VERSION=5.6.71036 , DB_VERSION=46146
RUN-1002 : start command "place"
RUN-1001 : Open license file E:/SoftWare/FPGA/Anlogic/license/Anlogic.lic
RUN-1001 : Print Global Property
RUN-1001 : ---------------------------------------------------------------
RUN-1001 :        Parameters        |  Settings  |  Default Values  |  Note  
RUN-1001 : ---------------------------------------------------------------
RUN-1001 :          message         |  standard  |     standard     |        
RUN-1001 :   mixed_pack_place_flow  |     on     |        on        |        
RUN-1001 :        qor_monitor       |    off     |       off        |        
RUN-1001 :        syn_ip_flow       |    off     |       off        |        
RUN-1001 :          thread          |    auto    |       auto       |        
RUN-1001 : ---------------------------------------------------------------
RUN-1001 : Print Place Property
RUN-1001 : --------------------------------------------------------------
RUN-1001 :        Parameters       |  Settings  |  Default Values  |  Note  
RUN-1001 : --------------------------------------------------------------
RUN-1001 :      detailed_place     |     on     |        on        |        
RUN-1001 :          effort         |   medium   |      medium      |        
RUN-1001 :         fix_hold        |    off     |       off        |        
RUN-1001 :       legalization      |    ori     |       ori        |        
RUN-1001 :      new_spreading      |     on     |        on        |        
RUN-1001 :        opt_timing       |   medium   |      medium      |        
RUN-1001 :   post_clock_route_opt  |    off     |       off        |        
RUN-1001 :       pr_strategy       |     1      |        1         |        
RUN-1001 :        relaxation       |    1.00    |       1.00       |        
RUN-1001 :         retiming        |    off     |       off        |        
RUN-1001 : --------------------------------------------------------------
PHY-3001 : Placer runs in 16 thread(s).
RUN-1002 : start command "legalize_phy_inst"
SYN-1011 : Flatten model hdmi_colorbar
SYN-5055 WARNING: The kept net sd_ctrl_inst/sd_init_inst/cs_n will be merged to another kept net sd_ctrl_inst/init_cs_n
SYN-5055 WARNING: The kept net sd_ctrl_inst/sd_init_inst/mosi will be merged to another kept net sd_ctrl_inst/init_mosi
SYN-5055 WARNING: The kept net _al_n1 will be merged to another kept net sd_ctrl_inst/rd_cs_n
SYN-5055 WARNING: The kept net sd_ctrl_inst/rd_cs_n will be merged to another kept net sd_ctrl_inst/rd_mosi
SYN-5055 WARNING: The kept net sd_ctrl_inst/rd_mosi will be merged to another kept net sd_ctrl_inst/wr_cs_n
SYN-5055 WARNING: The kept net sd_ctrl_inst/wr_cs_n will be merged to another kept net sd_ctrl_inst/wr_mosi
RUN-1002 : start command "phys_opt -simplify_lut"
SYN-4016 : Net hdmi_out_clk_dup_1 driven by BUFG (28 clock/control pins, 2 other pins).
SYN-4027 : Net sd_ctrl_inst/sd_read_inst/sys_clk is clkc1 of pll U_pll_clk/pll_inst.
SYN-4027 : Net sd_clk_dup_1 is clkc2 of pll U_pll_clk/pll_inst.
SYN-4019 : Net sys_clk_dup_1 is refclk of pll U_pll_clk/pll_inst.
SYN-4020 : Net sys_clk_dup_1 is fbclk of pll U_pll_clk/pll_inst.
SYN-4025 : Tag rtl::Net hdmi_out_clk_dup_1 as clock net
SYN-4025 : Tag rtl::Net sd_clk_dup_1 as clock net
SYN-4025 : Tag rtl::Net sd_ctrl_inst/sd_read_inst/sys_clk as clock net
SYN-4025 : Tag rtl::Net sys_clk_dup_1 as clock net
SYN-4026 : Tagged 4 rtl::Net as clock net
PHY-1001 : Populate physical database on model hdmi_colorbar.
RUN-1001 : There are total 438 instances
RUN-0007 : 175 luts, 99 seqs, 103 mslices, 20 lslices, 36 pads, 0 brams, 0 dsps
RUN-1001 : There are total 495 nets
RUN-1001 : 329 nets have 2 pins
RUN-1001 : 107 nets have [3 - 5] pins
RUN-1001 : 38 nets have [6 - 10] pins
RUN-1001 : 14 nets have [11 - 20] pins
RUN-1001 : 4 nets have [21 - 99] pins
RUN-1001 : 3 nets have 100+ pins
RUN-1001 : Report Control nets information:
RUN-1001 : DFF Distribution
RUN-1001 : ----------------------------------
RUN-1001 :   CE   |  SSR  |  ASR  |  DFF Count  
RUN-1001 : ----------------------------------
RUN-1001 :   No   |  No   |  No   |      0      
RUN-1001 :   No   |  No   |  Yes  |     91      
RUN-1001 :   No   |  Yes  |  No   |      0      
RUN-1001 :   Yes  |  No   |  No   |      0      
RUN-1001 :   Yes  |  No   |  Yes  |      8      
RUN-1001 :   Yes  |  Yes  |  No   |      0      
RUN-1001 : ----------------------------------
RUN-0007 : Control Group Statistic
RUN-0007 : ---------------------------
RUN-0007 :   #CLK  |  #CE  |  #SSR/ASR  
RUN-0007 : ---------------------------
RUN-0007 :    3    |   2   |     2      
RUN-0007 : ---------------------------
RUN-0007 : Control Set = 4
PHY-3001 : Initial placement ...
PHY-3001 : design contains 436 instances, 175 luts, 99 seqs, 123 slices, 27 macros(123 instances: 103 mslices 20 lslices)
PHY-0007 : Cell area utilization is 2%
PHY-3001 : Global placement ...
PHY-3001 : Initial: Len = 115902
PHY-3001 : Clustering ...
PHY-3001 : Level 0 #clusters 436.
PHY-3001 : End clustering;  0.000014s wall, 0.000000s user + 0.000000s system = 0.000000s CPU (n/a%)

PHY-3001 : Run with size of 4
PHY-3001 : Cell area utilization is 2%
PHY-3001 : :::0::: Try harder cell spreading with beta_ = 0
PHY-3002 : Step(1): len = 72404.1, overlap = 0
PHY-3002 : Step(2): len = 50919.6, overlap = 0
PHY-3002 : Step(3): len = 36027.4, overlap = 0
PHY-3002 : Step(4): len = 26972.4, overlap = 0
PHY-3002 : Step(5): len = 22079.5, overlap = 0
PHY-3002 : Step(6): len = 18590.3, overlap = 0
PHY-3002 : Step(7): len = 17446.6, overlap = 0
PHY-3002 : Step(8): len = 14886.9, overlap = 0
PHY-3002 : Step(9): len = 13485.9, overlap = 0
PHY-3002 : Step(10): len = 13853.5, overlap = 0.25
PHY-3002 : Step(11): len = 12762.6, overlap = 0
PHY-3002 : Step(12): len = 12271.6, overlap = 0.25
PHY-3002 : Step(13): len = 11478.1, overlap = 2.25
PHY-3002 : Step(14): len = 10545.8, overlap = 3.6875
PHY-3002 : Step(15): len = 9519.7, overlap = 5.4375
PHY-3002 : Step(16): len = 9698.3, overlap = 6.125
PHY-3002 : Step(17): len = 9698.3, overlap = 6.125
PHY-3001 : Legalization ...
PHY-3001 : End legalization;  0.002918s wall, 0.000000s user + 0.000000s system = 0.000000s CPU (n/a%)

PHY-3001 : Run with size of 4
PHY-3001 : Cell area utilization is 2%
PHY-3001 : :::0::: Try harder cell spreading with beta_ = 5.90437e-05
PHY-3002 : Step(18): len = 9226, overlap = 11.875
PHY-3002 : Step(19): len = 9337.8, overlap = 11.3125
PHY-3002 : Step(20): len = 9525.8, overlap = 10.8125
PHY-3001 : :::1::: Try harder cell spreading with beta_ = 0.000118087
PHY-3002 : Step(21): len = 9150.5, overlap = 6.75
PHY-3002 : Step(22): len = 9150.5, overlap = 6.75
PHY-3002 : Step(23): len = 9068.5, overlap = 5.0625
PHY-3002 : Step(24): len = 9068.5, overlap = 5.0625
PHY-3002 : Step(25): len = 8973.6, overlap = 4.78125
PHY-3001 : :::2::: Try harder cell spreading with beta_ = 0.000236175
PHY-3002 : Step(26): len = 8887.5, overlap = 4.46875
PHY-3002 : Step(27): len = 8887.5, overlap = 4.46875
PHY-3001 : Run with size of 2
PHY-3001 : Cell area utilization is 2%
PHY-3001 : :::0::: Try harder cell spreading with beta_ = 1.48426e-05
PHY-3002 : Step(28): len = 9466.6, overlap = 17.5625
PHY-3002 : Step(29): len = 9533.5, overlap = 16.875
PHY-3002 : Step(30): len = 9478.9, overlap = 14.7812
PHY-3001 : :::1::: Try harder cell spreading with beta_ = 2.96853e-05
PHY-3002 : Step(31): len = 9416.9, overlap = 18.2188
PHY-3002 : Step(32): len = 9416.9, overlap = 18.2188
PHY-3002 : Step(33): len = 9364, overlap = 13.9062
PHY-3001 : :::2::: Try harder cell spreading with beta_ = 5.93706e-05
PHY-3002 : Step(34): len = 9429.5, overlap = 13.0312
PHY-3002 : Step(35): len = 9429.5, overlap = 13.0312
PHY-3002 : Step(36): len = 9387.1, overlap = 12.375
OPT-1001 : Start physical optimization ...
OPT-1001 : Total overflow 34.66 peak overflow 2.34
OPT-1001 : Start high-fanout net optimization ...
OPT-1001 : Update timing in global mode
PHY-1001 : Start incremental global routing, caller is place ...
RUN-1001 : Generating global routing grids ...
RUN-1001 : Building simple global routing graph ...
PHY-1001 : Generate routing nets ...
PHY-1001 : Reuse net number 0/495.
PHY-1001 : Global iterations in 16 thread ...
PHY-1002 : len = 10792, over cnt = 26(0%), over = 76, worst = 11
PHY-1001 : End global iterations;  0.023571s wall, 0.031250s user + 0.000000s system = 0.031250s CPU (132.6%)

PHY-1001 : Congestion index: top1 = 14.16, top5 = 5.77, top10 = 3.36, top15 = 2.24.
PHY-1001 : End incremental global routing;  0.072068s wall, 0.062500s user + 0.000000s system = 0.062500s CPU (86.7%)

RUN-1002 : start command "start_timer -report"
TMR-5001 WARNING: No sdc constraints found while initiating timer.
TMR-2505 : Start building timing graph for model hdmi_colorbar.
TMR-2506 : Build timing graph completely. Port num: 13, tpin num: 1746, tnet num: 493, tinst num: 436, tnode num: 2054, tedge num: 2642.
TMR-2508 : Levelizing timing graph completed, there are 35 levels in total.
TMR-2501 : Timing graph initialized successfully.
OPT-1001 : End timing update;  0.191825s wall, 0.203125s user + 0.000000s system = 0.203125s CPU (105.9%)

OPT-1001 : 0 high-fanout net processed.
OPT-1001 : End high-fanout net optimization;  0.268623s wall, 0.265625s user + 0.000000s system = 0.265625s CPU (98.9%)

OPT-1001 : Current memory(MB): used = 148, reserve = 118, peak = 148.
OPT-1001 : End physical optimization;  0.272925s wall, 0.265625s user + 0.000000s system = 0.265625s CPU (97.3%)

PHY-3001 : Start packing ...
SYN-4007 : Packing 0 MUX to BLE ...
SYN-4008 : Packed 0 MUX and 0 SEQ to BLE.
SYN-4007 : Packing 175 LUT to BLE ...
SYN-4008 : Packed 175 LUT and 83 SEQ to BLE.
SYN-4003 : Packing 16 remaining SEQ's ...
SYN-4005 : Packed 16 SEQ with LUT/SLICE
SYN-4006 : 83 single LUT's are left
SYN-4006 : 0 single SEQ's are left
SYN-4011 : Packing model "hdmi_colorbar" (AL_USER_NORMAL) with 175/481 primitive instances ...
PHY-3001 : End packing;  0.009504s wall, 0.015625s user + 0.000000s system = 0.015625s CPU (164.4%)

PHY-1001 : Populate physical database on model hdmi_colorbar.
RUN-1001 : There are total 261 instances
RUN-1001 : 110 mslices, 110 lslices, 36 pads, 0 brams, 0 dsps
RUN-1001 : There are total 412 nets
RUN-1001 : 246 nets have 2 pins
RUN-1001 : 104 nets have [3 - 5] pins
RUN-1001 : 41 nets have [6 - 10] pins
RUN-1001 : 16 nets have [11 - 20] pins
RUN-1001 : 3 nets have [21 - 99] pins
RUN-1001 : 2 nets have 100+ pins
PHY-3001 : design contains 259 instances, 220 slices, 27 macros(123 instances: 103 mslices 20 lslices)
PHY-3001 : Cell area utilization is 2%
PHY-3001 : After packing: Len = 9459.8, Over = 15.5
PHY-3001 : Run with size of 2
PHY-3001 : Cell area utilization is 2%
PHY-3001 : :::0::: Try harder cell spreading with beta_ = 1.42942e-05
PHY-3002 : Step(37): len = 9262.1, overlap = 15
PHY-3002 : Step(38): len = 9307, overlap = 15.25
PHY-3002 : Step(39): len = 9339.8, overlap = 17
PHY-3001 : :::1::: Try harder cell spreading with beta_ = 2.85883e-05
PHY-3002 : Step(40): len = 9247.1, overlap = 16
PHY-3002 : Step(41): len = 9278.7, overlap = 16
PHY-3002 : Step(42): len = 9341.5, overlap = 16.25
PHY-3001 : :::2::: Try harder cell spreading with beta_ = 5.71767e-05
PHY-3002 : Step(43): len = 9434, overlap = 16.5
PHY-3002 : Step(44): len = 9490, overlap = 16.5
PHY-3002 : Step(45): len = 9573.2, overlap = 16.25
PHY-3001 : Legalization ...
PHY-3001 : End legalization;  0.038754s wall, 0.031250s user + 0.015625s system = 0.046875s CPU (121.0%)

PHY-3001 : Trial Legalized: Len = 12441.8
PHY-3001 : Run with size of 2
PHY-3001 : Cell area utilization is 2%
PHY-3001 : :::0::: Try harder cell spreading with beta_ = 0
PHY-3002 : Step(46): len = 10729.4, overlap = 3
PHY-3002 : Step(47): len = 10414.9, overlap = 4
PHY-3002 : Step(48): len = 10213.2, overlap = 5.25
PHY-3002 : Step(49): len = 9996.2, overlap = 5
PHY-3002 : Step(50): len = 9996.2, overlap = 5
PHY-3002 : Step(51): len = 9924.8, overlap = 5.25
PHY-3001 : :::1::: Try harder cell spreading with beta_ = 3.49434e-05
PHY-3002 : Step(52): len = 9950.1, overlap = 4.5
PHY-3002 : Step(53): len = 9980, overlap = 4.5
PHY-3002 : Step(54): len = 9980, overlap = 4.5
PHY-3001 : :::2::: Try harder cell spreading with beta_ = 6.98868e-05
PHY-3002 : Step(55): len = 9990.2, overlap = 4.5
PHY-3002 : Step(56): len = 9990.2, overlap = 4.5
PHY-3001 : Legalization ...
PHY-3001 : End legalization;  0.004359s wall, 0.015625s user + 0.000000s system = 0.015625s CPU (358.4%)

PHY-3001 : Legalized: Len = 11363.8, Over = 0
PHY-3001 : End spreading;  0.002221s wall, 0.000000s user + 0.000000s system = 0.000000s CPU (n/a%)

PHY-3001 : Final: Len = 11363.8, Over = 0
OPT-1001 : Start physical optimization ...
OPT-1001 : Total overflow 0.00 peak overflow 0.00
OPT-1001 : Start high-fanout net optimization ...
OPT-1001 : Update timing in global mode
PHY-1001 : Start incremental global routing, caller is place ...
RUN-1001 : Generating global routing grids ...
PHY-1001 : Generate routing nets ...
PHY-1001 : Reuse net number 14/412.
PHY-1001 : Global iterations in 16 thread ...
PHY-1002 : len = 13144, over cnt = 12(0%), over = 22, worst = 6
PHY-1002 : len = 13280, over cnt = 5(0%), over = 6, worst = 2
PHY-1002 : len = 13352, over cnt = 0(0%), over = 0, worst = 0
PHY-1001 : End global iterations;  0.035689s wall, 0.031250s user + 0.000000s system = 0.031250s CPU (87.6%)

PHY-1001 : Congestion index: top1 = 14.83, top5 = 7.59, top10 = 4.32, top15 = 2.88.
PHY-1001 : End incremental global routing;  0.082195s wall, 0.078125s user + 0.000000s system = 0.078125s CPU (95.0%)

RUN-1002 : start command "start_timer -report"
TMR-5001 WARNING: No sdc constraints found while initiating timer.
TMR-2505 : Start building timing graph for model hdmi_colorbar.
TMR-2506 : Build timing graph completely. Port num: 13, tpin num: 1505, tnet num: 410, tinst num: 259, tnode num: 1733, tedge num: 2364.
TMR-2508 : Levelizing timing graph completed, there are 33 levels in total.
TMR-2501 : Timing graph initialized successfully.
OPT-1001 : End timing update;  0.159137s wall, 0.171875s user + 0.000000s system = 0.171875s CPU (108.0%)

OPT-1001 : 0 high-fanout net processed.
OPT-1001 : End high-fanout net optimization;  0.245701s wall, 0.250000s user + 0.000000s system = 0.250000s CPU (101.7%)

OPT-1001 : Current memory(MB): used = 150, reserve = 120, peak = 150.
OPT-1001 : Update timing in Manhattan mode
OPT-1001 : End timing update;  0.000249s wall, 0.000000s user + 0.000000s system = 0.000000s CPU (n/a%)

OPT-1001 : Start pin optimization...
OPT-1001 : skip pin optimization...
RUN-1001 : Generating global routing grids ...
PHY-1001 : Generate routing nets ...
PHY-1001 : Reuse net number 297/412.
PHY-1001 : Global iterations in 16 thread ...
PHY-1002 : len = 13352, over cnt = 0(0%), over = 0, worst = 0
PHY-1001 : End global iterations;  0.001264s wall, 0.000000s user + 0.000000s system = 0.000000s CPU (n/a%)

PHY-1001 : Congestion index: top1 = 14.83, top5 = 7.59, top10 = 4.32, top15 = 2.88.
OPT-1001 : Update timing in Manhattan mode
OPT-1001 : End timing update;  0.000577s wall, 0.000000s user + 0.000000s system = 0.000000s CPU (n/a%)

RUN-1001 : QoR Analysis:
OPT-0007 :   WNS 2147483647 TNS 0 NUM_FEPS 0
RUN-1001 :   No local congestion issue, and most congested 1% tile average routing util is 14.379310
RUN-1001 :   Top critical paths
OPT-1001 : End physical optimization;  0.295692s wall, 0.296875s user + 0.000000s system = 0.296875s CPU (100.4%)

RUN-1003 : finish command "place" in  1.656403s wall, 2.171875s user + 1.875000s system = 4.046875s CPU (244.3%)

RUN-1004 : used memory is 138 MB, reserved memory is 108 MB, peak memory is 150 MB
RUN-1002 : start command "export_db SD_SDRAM_VGA_place.db"
RUN-1001 : Exported /
RUN-1001 : Exported flow parameters
RUN-1001 : Exported libs
RUN-1001 : Exported entities
RUN-1001 : Exported ports
RUN-1001 : Exported pins
RUN-1001 : Exported instances
RUN-1001 : Exported nets
RUN-1001 : Exported buses
RUN-1001 : Exported models
RUN-1001 : Exported congestions
RUN-1001 : Exported violations
RUN-1001 : Exported IO constraints
RUN-1001 : Exported Inst constraints
RUN-1002 : start command "route"
RUN-1001 : Open license file E:/SoftWare/FPGA/Anlogic/license/Anlogic.lic
RUN-1001 : Print Global Property
RUN-1001 : ---------------------------------------------------------------
RUN-1001 :        Parameters        |  Settings  |  Default Values  |  Note  
RUN-1001 : ---------------------------------------------------------------
RUN-1001 :          message         |  standard  |     standard     |        
RUN-1001 :   mixed_pack_place_flow  |     on     |        on        |        
RUN-1001 :        qor_monitor       |    off     |       off        |        
RUN-1001 :        syn_ip_flow       |    off     |       off        |        
RUN-1001 :          thread          |    auto    |       auto       |        
RUN-1001 : ---------------------------------------------------------------
RUN-1001 : Print Route Property
RUN-1001 : -------------------------------------------------------
RUN-1001 :    Parameters    |  Settings  |  Default Values  |  Note  
RUN-1001 : -------------------------------------------------------
RUN-1001 :      effort      |   medium   |      medium      |        
RUN-1001 :     fix_hold     |    off     |       off        |        
RUN-1001 :    opt_timing    |   medium   |      medium      |        
RUN-1001 :   phy_sim_model  |    off     |       off        |        
RUN-1001 :     priority     |   timing   |      timing      |        
RUN-1001 :     swap_pin     |     on     |        on        |        
RUN-1001 : -------------------------------------------------------
PHY-1001 : Route runs in 16 thread(s)
RUN-1001 : There are total 261 instances
RUN-1001 : 110 mslices, 110 lslices, 36 pads, 0 brams, 0 dsps
RUN-1001 : There are total 412 nets
RUN-1001 : 246 nets have 2 pins
RUN-1001 : 104 nets have [3 - 5] pins
RUN-1001 : 41 nets have [6 - 10] pins
RUN-1001 : 16 nets have [11 - 20] pins
RUN-1001 : 3 nets have [21 - 99] pins
RUN-1001 : 2 nets have 100+ pins
RUN-1002 : start command "start_timer -report"
TMR-5001 WARNING: No sdc constraints found while initiating timer.
TMR-2505 : Start building timing graph for model hdmi_colorbar.
TMR-2506 : Build timing graph completely. Port num: 13, tpin num: 1505, tnet num: 410, tinst num: 259, tnode num: 1733, tedge num: 2364.
TMR-2508 : Levelizing timing graph completed, there are 33 levels in total.
TMR-2501 : Timing graph initialized successfully.
PHY-1001 : 110 mslices, 110 lslices, 36 pads, 0 brams, 0 dsps
TMR-2503 : Start to update net delay, extr mode = 3.
TMR-2504 : Update delay of 410 nets completely.
TMR-2502 : Annotate delay completely, extr mode = 3.
TMR-3002 : No user constraint, initiate default constraint.
TMR-1501 : Assign derive clock DeriveClock to 124 clock pins, and constraint 228 relative nodes.
TMR-3003 : Constraints initiated successfully.
TMR-3501 : Forward propagation: start to calculate arrival time...
TMR-3502 : Backward propagation: start to calculate required time...
TMR-3503 : Timing propagation completes.
PHY-1001 : Start global routing, caller is route ...
RUN-1001 : Generating global routing grids ...
PHY-1001 : Generate routing nets ...
PHY-1001 : Global iterations in 16 thread ...
PHY-1002 : len = 13104, over cnt = 12(0%), over = 22, worst = 6
PHY-1002 : len = 13240, over cnt = 6(0%), over = 6, worst = 1
PHY-1002 : len = 13312, over cnt = 0(0%), over = 0, worst = 0
PHY-1001 : End global iterations;  0.036818s wall, 0.031250s user + 0.000000s system = 0.031250s CPU (84.9%)

PHY-1001 : Congestion index: top1 = 14.57, top5 = 7.55, top10 = 4.26, top15 = 2.85.
PHY-1001 : End global routing;  0.080930s wall, 0.078125s user + 0.000000s system = 0.078125s CPU (96.5%)

PHY-1001 : Start detail routing ...
PHY-1001 : Current memory(MB): used = 172, reserve = 142, peak = 187.
PHY-1001 : Detailed router is running in normal mode.
PHY-1001 : Generate detailed routing grids ...
PHY-1001 : Generate nets ...
PHY-1001 : clock net hdmi_out_clk_dup_1 will be merged with clock U_pll_clk/clk0_buf
PHY-1001 : net sd_clk_dup_1 will be routed on clock mesh
PHY-1001 : net sys_clk_dup_1 will be routed on clock mesh
PHY-1001 : net sd_ctrl_inst/sd_read_inst/sys_clk will be routed on clock mesh
PHY-1001 : Current memory(MB): used = 440, reserve = 415, peak = 440.
PHY-1001 : End build detailed router design. 3.023007s wall, 2.953125s user + 0.062500s system = 3.015625s CPU (99.8%)

PHY-1001 : Detail Route ...
PHY-1001 : ===== Detail Route Phase 1 =====
PHY-1001 : Clock net routing.....
PHY-1001 : Routed 0% nets.
PHY-1022 : len = 8568, over cnt = 0(0%), over = 0, worst = 0, crit = 0
PHY-1001 : End initial clock net routed; 0.638089s wall, 0.625000s user + 0.015625s system = 0.640625s CPU (100.4%)

PHY-1001 : Current memory(MB): used = 472, reserve = 449, peak = 472.
PHY-1001 : End phase 1; 0.642709s wall, 0.625000s user + 0.015625s system = 0.640625s CPU (99.7%)

PHY-1001 : ===== Detail Route Phase 2 =====
PHY-1001 : Initial routing.....
PHY-1001 : Routed 25% nets.
PHY-1001 : Routed 27% nets.
PHY-1001 : Routed 37% nets.
PHY-1001 : Routed 47% nets.
PHY-1001 : Routed 67% nets.
PHY-1022 : len = 46536, over cnt = 1(0%), over = 1, worst = 1, crit = 0
PHY-1001 : Current memory(MB): used = 472, reserve = 449, peak = 472.
PHY-1001 : End initial routed; 0.795281s wall, 0.921875s user + 0.093750s system = 1.015625s CPU (127.7%)

PHY-1001 : Current memory(MB): used = 472, reserve = 449, peak = 472.
PHY-1001 : End phase 2; 0.795331s wall, 0.921875s user + 0.093750s system = 1.015625s CPU (127.7%)

PHY-1001 : ===== Detail Route Phase 3 =====
PHY-1001 : Ripup-reroute.....
PHY-1001 : ===== DR Iter 1 =====
PHY-1022 : len = 46552, over cnt = 0(0%), over = 0, worst = 0, crit = 0
PHY-1001 : End DR Iter 1; 0.008390s wall, 0.015625s user + 0.000000s system = 0.015625s CPU (186.2%)

PHY-1001 : Commit to database.....
PHY-1001 : 0 feed throughs used by 0 nets
PHY-1001 : End commit to database; 0.039839s wall, 0.031250s user + 0.000000s system = 0.031250s CPU (78.4%)

PHY-1001 : Current memory(MB): used = 482, reserve = 458, peak = 482.
PHY-1001 : End phase 3; 0.142528s wall, 0.140625s user + 0.000000s system = 0.140625s CPU (98.7%)

PHY-1003 : Routed, final wirelength = 46552
PHY-1001 : Current memory(MB): used = 482, reserve = 458, peak = 482.
PHY-1001 : End export database. 0.005410s wall, 0.015625s user + 0.000000s system = 0.015625s CPU (288.8%)

PHY-1001 : End detail routing;  4.797555s wall, 4.843750s user + 0.171875s system = 5.015625s CPU (104.5%)

RUN-1003 : finish command "route" in  5.098465s wall, 5.156250s user + 0.171875s system = 5.328125s CPU (104.5%)

RUN-1004 : used memory is 423 MB, reserved memory is 398 MB, peak memory is 482 MB
RUN-1002 : start command "report_area -io_info -file SD_SDRAM_VGA_phy.area"
RUN-1001 : standard
***Report Model: hdmi_colorbar Device: EG4S20BG256***

IO Statistics
#IO                        36
  #input                    3
  #output                  33
  #inout                    0

Utilization Statistics
#lut                      422   out of  19600    2.15%
#reg                       99   out of  19600    0.51%
#le                       422
  #lut only               323   out of    422   76.54%
  #reg only                 0   out of    422    0.00%
  #lut&reg                 99   out of    422   23.46%
#dsp                        0   out of     29    0.00%
#bram                       0   out of     64    0.00%
  #bram9k                   0
  #fifo9k                   0
#bram32k                    0   out of     16    0.00%
#pad                       36   out of    188   19.15%
  #ireg                     1
  #oreg                     0
  #treg                     0
#pll                        1   out of      4   25.00%
#gclk                       1   out of     16    6.25%

Clock Resource Statistics
Index     ClockNet                             Type               DriverType         Driver                      Fanout
#1        sd_clk_dup_1                         GCLK               pll                U_pll_clk/pll_inst.clkc2    31
#2        U_pll_clk/clk0_buf                   GCLK               pll                U_pll_clk/pll_inst.clkc0    16
#3        sd_ctrl_inst/sd_read_inst/sys_clk    GCLK               pll                U_pll_clk/pll_inst.clkc1    15
#4        sys_clk_dup_1                        GeneralRouting     io                 sys_clk_syn_2.di            1


Detailed IO Report

        Name          Direction    Location    IOStandard    DriveStrength    PullType    PackReg  
      sd_miso           INPUT         P1        LVCMOS33          N/A           NONE       IREG    
      sys_clk           INPUT        K14        LVCMOS33          N/A          PULLUP      NONE    
     sys_rst_n          INPUT         T4        LVCMOS33          N/A          PULLUP      NONE    
    hdmi_out_clk       OUTPUT         H2        LVCMOS33           8            NONE       NONE    
    hdmi_out_de        OUTPUT        H16        LVCMOS33           8            N/A        NONE    
   hdmi_out_hsync      OUTPUT         J3        LVCMOS33           8            NONE       NONE    
  hdmi_out_rgb[23]     OUTPUT         K6        LVCMOS33           8            NONE       NONE    
  hdmi_out_rgb[22]     OUTPUT         K3        LVCMOS33           8            NONE       NONE    
  hdmi_out_rgb[21]     OUTPUT         K5        LVCMOS33           8            NONE       NONE    
  hdmi_out_rgb[20]     OUTPUT         L4        LVCMOS33           8            NONE       NONE    
  hdmi_out_rgb[19]     OUTPUT         M1        LVCMOS33           8            NONE       NONE    
  hdmi_out_rgb[18]     OUTPUT         M2        LVCMOS33           8            NONE       NONE    
  hdmi_out_rgb[17]     OUTPUT         L3        LVCMOS33           8            NONE       NONE    
  hdmi_out_rgb[16]     OUTPUT         L5        LVCMOS33           8            NONE       NONE    
  hdmi_out_rgb[15]     OUTPUT         H5        LVCMOS33           8            NONE       NONE    
  hdmi_out_rgb[14]     OUTPUT         H1        LVCMOS33           8            NONE       NONE    
  hdmi_out_rgb[13]     OUTPUT         J6        LVCMOS33           8            NONE       NONE    
  hdmi_out_rgb[12]     OUTPUT         H3        LVCMOS33           8            NONE       NONE    
  hdmi_out_rgb[11]     OUTPUT         J1        LVCMOS33           8            NONE       NONE    
  hdmi_out_rgb[10]     OUTPUT         K1        LVCMOS33           8            NONE       NONE    
  hdmi_out_rgb[9]      OUTPUT         K2        LVCMOS33           8            NONE       NONE    
  hdmi_out_rgb[8]      OUTPUT         L1        LVCMOS33           8            NONE       NONE    
  hdmi_out_rgb[7]      OUTPUT         C1        LVCMOS33           8            NONE       NONE    
  hdmi_out_rgb[6]      OUTPUT         D1        LVCMOS33           8            NONE       NONE    
  hdmi_out_rgb[5]      OUTPUT         E2        LVCMOS33           8            NONE       NONE    
  hdmi_out_rgb[4]      OUTPUT         G3        LVCMOS33           8            NONE       NONE    
  hdmi_out_rgb[3]      OUTPUT         E1        LVCMOS33           8            NONE       NONE    
  hdmi_out_rgb[2]      OUTPUT         F2        LVCMOS33           8            NONE       NONE    
  hdmi_out_rgb[1]      OUTPUT         F1        LVCMOS33           8            NONE       NONE    
  hdmi_out_rgb[0]      OUTPUT         G1        LVCMOS33           8            NONE       NONE    
   hdmi_out_rst_n      OUTPUT        E15        LVCMOS33           8            N/A        NONE    
   hdmi_out_vsync      OUTPUT         J4        LVCMOS33           8            NONE       NONE    
        led            OUTPUT         M3        LVCMOS33           8            NONE       NONE    
       sd_clk          OUTPUT         M9        LVCMOS33           8            NONE       NONE    
      sd_cs_n          OUTPUT         R1        LVCMOS33           8            NONE       NONE    
      sd_mosi          OUTPUT         P2        LVCMOS33           8            NONE       NONE    

Report Hierarchy Area:
+-------------------------------------------------------------------------------------+
|Instance         |Module        |le     |lut     |ripple  |seq     |bram    |dsp     |
+-------------------------------------------------------------------------------------+
|top              |hdmi_colorbar |422    |299     |123     |100     |0       |0       |
|  U_pll_clk      |pll_clk       |1      |1       |0       |0       |0       |0       |
|  sd_ctrl_inst   |sd_ctrl       |166    |145     |21      |71      |0       |0       |
|    sd_init_inst |sd_init       |166    |145     |21      |71      |0       |0       |
|  vga_ctrl_inst  |vga_ctrl      |142    |80      |62      |24      |0       |0       |
|  vga_pic_inst   |vga_pic       |105    |65      |40      |4       |0       |0       |
+-------------------------------------------------------------------------------------+


DataNet Average Fanout:

   Index     Fanout    Nets  
    #1         1       209   
    #2         2        53   
    #3         3        31   
    #4         4        20   
    #5        5-10      51   
    #6       11-50      5    
    #7       51-100     1    
  Average     2.68           

RUN-1002 : start command "export_db SD_SDRAM_VGA_pr.db"
RUN-1001 : Exported /
RUN-1001 : Exported flow parameters
RUN-1001 : Exported libs
RUN-1001 : Exported entities
RUN-1001 : Exported ports
RUN-1001 : Exported pins
RUN-1001 : Exported instances
RUN-1001 : Exported nets
RUN-1001 : Exported buses
RUN-1001 : Exported models
RUN-1001 : Exported congestions
RUN-1001 : Exported violations
RUN-1001 : Exported IO constraints
RUN-1001 : Exported Inst constraints
RUN-1002 : start command "export_bid SD_SDRAM_VGA_inst.bid"
RUN-1002 : start command "bitgen -bit SD_SDRAM_VGA.bit"
BIT-1003 : Start to generate bitstream. 
BIT-1002 : Init instances with 16 threads.
BIT-1002 : Init instances completely, inst num: 259
BIT-1002 : Init pips with 16 threads.
BIT-1002 : Init pips completely, net num: 412, pip num: 3335
BIT-1003 : Multithreading accelaration with 16 threads.
BIT-1003 : Generate bitstream completely, there are 649 valid insts, and 11509 bits set as '1'.
BIT-1004 : PLL setting string = 0001
BIT-1004 : Generate bits file SD_SDRAM_VGA.bit.
RUN-1002 : start command "backup_run_log run.log ../.logs/phy_1/td_20230519_041510.log"
